{"C:\\Users\\MONDAY\\Documents\\Projects\\javascript_project\\Banka\\test\\homeAPI_test\\Admin-act-deactAcct_test.js":{"path":"C:\\Users\\MONDAY\\Documents\\Projects\\javascript_project\\Banka\\test\\homeAPI_test\\Admin-act-deactAcct_test.js","statementMap":{"0":{"start":{"line":3,"column":12},"end":{"line":3,"column":51}},"1":{"start":{"line":5,"column":16},"end":{"line":5,"column":60}},"2":{"start":{"line":7,"column":14},"end":{"line":7,"column":61}},"3":{"start":{"line":9,"column":39},"end":{"line":9,"column":95}},"4":{"start":{"line":14,"column":13},"end":{"line":14,"column":36}},"5":{"start":{"line":16,"column":0},"end":{"line":16,"column":43}},"6":{"start":{"line":18,"column":0},"end":{"line":203,"column":3}},"7":{"start":{"line":19,"column":2},"end":{"line":48,"column":5}},"8":{"start":{"line":20,"column":4},"end":{"line":47,"column":7}},"9":{"start":{"line":21,"column":17},"end":{"line":24,"column":7}},"10":{"start":{"line":26,"column":6},"end":{"line":46,"column":9}},"11":{"start":{"line":27,"column":8},"end":{"line":27,"column":59}},"12":{"start":{"line":28,"column":8},"end":{"line":28,"column":54}},"13":{"start":{"line":29,"column":29},"end":{"line":29,"column":42}},"14":{"start":{"line":30,"column":20},"end":{"line":30,"column":40}},"15":{"start":{"line":31,"column":18},"end":{"line":31,"column":36}},"16":{"start":{"line":32,"column":20},"end":{"line":34,"column":9}},"17":{"start":{"line":36,"column":8},"end":{"line":45,"column":11}},"18":{"start":{"line":37,"column":10},"end":{"line":37,"column":43}},"19":{"start":{"line":38,"column":10},"end":{"line":38,"column":41}},"20":{"start":{"line":39,"column":10},"end":{"line":39,"column":63}},"21":{"start":{"line":40,"column":10},"end":{"line":40,"column":91}},"22":{"start":{"line":41,"column":10},"end":{"line":41,"column":65}},"23":{"start":{"line":42,"column":10},"end":{"line":42,"column":58}},"24":{"start":{"line":43,"column":10},"end":{"line":43,"column":59}},"25":{"start":{"line":44,"column":10},"end":{"line":44,"column":17}},"26":{"start":{"line":49,"column":2},"end":{"line":75,"column":5}},"27":{"start":{"line":50,"column":4},"end":{"line":74,"column":7}},"28":{"start":{"line":51,"column":17},"end":{"line":54,"column":7}},"29":{"start":{"line":56,"column":6},"end":{"line":73,"column":9}},"30":{"start":{"line":57,"column":8},"end":{"line":57,"column":59}},"31":{"start":{"line":58,"column":8},"end":{"line":58,"column":54}},"32":{"start":{"line":59,"column":30},"end":{"line":59,"column":43}},"33":{"start":{"line":60,"column":20},"end":{"line":60,"column":41}},"34":{"start":{"line":61,"column":18},"end":{"line":61,"column":37}},"35":{"start":{"line":62,"column":20},"end":{"line":64,"column":9}},"36":{"start":{"line":66,"column":8},"end":{"line":72,"column":11}},"37":{"start":{"line":67,"column":10},"end":{"line":67,"column":43}},"38":{"start":{"line":68,"column":10},"end":{"line":68,"column":41}},"39":{"start":{"line":69,"column":10},"end":{"line":69,"column":64}},"40":{"start":{"line":70,"column":10},"end":{"line":70,"column":52}},"41":{"start":{"line":71,"column":10},"end":{"line":71,"column":17}},"42":{"start":{"line":76,"column":2},"end":{"line":105,"column":5}},"43":{"start":{"line":77,"column":4},"end":{"line":104,"column":7}},"44":{"start":{"line":78,"column":17},"end":{"line":81,"column":7}},"45":{"start":{"line":83,"column":6},"end":{"line":103,"column":9}},"46":{"start":{"line":84,"column":8},"end":{"line":84,"column":59}},"47":{"start":{"line":85,"column":8},"end":{"line":85,"column":54}},"48":{"start":{"line":86,"column":30},"end":{"line":86,"column":43}},"49":{"start":{"line":87,"column":20},"end":{"line":87,"column":41}},"50":{"start":{"line":88,"column":18},"end":{"line":88,"column":37}},"51":{"start":{"line":89,"column":20},"end":{"line":91,"column":9}},"52":{"start":{"line":93,"column":8},"end":{"line":102,"column":11}},"53":{"start":{"line":94,"column":10},"end":{"line":94,"column":43}},"54":{"start":{"line":95,"column":10},"end":{"line":95,"column":41}},"55":{"start":{"line":96,"column":10},"end":{"line":96,"column":63}},"56":{"start":{"line":97,"column":10},"end":{"line":97,"column":91}},"57":{"start":{"line":98,"column":10},"end":{"line":98,"column":65}},"58":{"start":{"line":99,"column":10},"end":{"line":99,"column":58}},"59":{"start":{"line":100,"column":10},"end":{"line":100,"column":59}},"60":{"start":{"line":101,"column":10},"end":{"line":101,"column":17}},"61":{"start":{"line":106,"column":2},"end":{"line":132,"column":5}},"62":{"start":{"line":107,"column":4},"end":{"line":131,"column":7}},"63":{"start":{"line":108,"column":17},"end":{"line":111,"column":7}},"64":{"start":{"line":113,"column":6},"end":{"line":130,"column":9}},"65":{"start":{"line":114,"column":8},"end":{"line":114,"column":59}},"66":{"start":{"line":115,"column":8},"end":{"line":115,"column":54}},"67":{"start":{"line":116,"column":30},"end":{"line":116,"column":43}},"68":{"start":{"line":117,"column":20},"end":{"line":117,"column":41}},"69":{"start":{"line":118,"column":18},"end":{"line":118,"column":37}},"70":{"start":{"line":119,"column":20},"end":{"line":121,"column":9}},"71":{"start":{"line":123,"column":8},"end":{"line":129,"column":11}},"72":{"start":{"line":124,"column":10},"end":{"line":124,"column":43}},"73":{"start":{"line":125,"column":10},"end":{"line":125,"column":41}},"74":{"start":{"line":126,"column":10},"end":{"line":126,"column":64}},"75":{"start":{"line":127,"column":10},"end":{"line":127,"column":52}},"76":{"start":{"line":128,"column":10},"end":{"line":128,"column":17}},"77":{"start":{"line":133,"column":2},"end":{"line":159,"column":5}},"78":{"start":{"line":134,"column":4},"end":{"line":158,"column":7}},"79":{"start":{"line":135,"column":17},"end":{"line":138,"column":7}},"80":{"start":{"line":140,"column":6},"end":{"line":157,"column":9}},"81":{"start":{"line":141,"column":8},"end":{"line":141,"column":59}},"82":{"start":{"line":142,"column":8},"end":{"line":142,"column":54}},"83":{"start":{"line":143,"column":30},"end":{"line":143,"column":43}},"84":{"start":{"line":144,"column":20},"end":{"line":144,"column":41}},"85":{"start":{"line":145,"column":18},"end":{"line":145,"column":37}},"86":{"start":{"line":146,"column":20},"end":{"line":148,"column":9}},"87":{"start":{"line":150,"column":8},"end":{"line":156,"column":11}},"88":{"start":{"line":151,"column":10},"end":{"line":151,"column":43}},"89":{"start":{"line":152,"column":10},"end":{"line":152,"column":41}},"90":{"start":{"line":153,"column":10},"end":{"line":153,"column":64}},"91":{"start":{"line":154,"column":10},"end":{"line":154,"column":52}},"92":{"start":{"line":155,"column":10},"end":{"line":155,"column":17}},"93":{"start":{"line":160,"column":2},"end":{"line":186,"column":5}},"94":{"start":{"line":161,"column":4},"end":{"line":185,"column":7}},"95":{"start":{"line":162,"column":17},"end":{"line":165,"column":7}},"96":{"start":{"line":167,"column":6},"end":{"line":184,"column":9}},"97":{"start":{"line":168,"column":8},"end":{"line":168,"column":59}},"98":{"start":{"line":169,"column":8},"end":{"line":169,"column":54}},"99":{"start":{"line":170,"column":30},"end":{"line":170,"column":43}},"100":{"start":{"line":171,"column":20},"end":{"line":171,"column":41}},"101":{"start":{"line":172,"column":18},"end":{"line":172,"column":37}},"102":{"start":{"line":173,"column":20},"end":{"line":175,"column":9}},"103":{"start":{"line":177,"column":8},"end":{"line":183,"column":11}},"104":{"start":{"line":178,"column":10},"end":{"line":178,"column":43}},"105":{"start":{"line":179,"column":10},"end":{"line":179,"column":41}},"106":{"start":{"line":180,"column":10},"end":{"line":180,"column":64}},"107":{"start":{"line":181,"column":10},"end":{"line":181,"column":52}},"108":{"start":{"line":182,"column":10},"end":{"line":182,"column":17}},"109":{"start":{"line":187,"column":2},"end":{"line":202,"column":5}},"110":{"start":{"line":188,"column":4},"end":{"line":201,"column":7}},"111":{"start":{"line":189,"column":17},"end":{"line":191,"column":7}},"112":{"start":{"line":192,"column":16},"end":{"line":192,"column":30}},"113":{"start":{"line":194,"column":6},"end":{"line":200,"column":9}},"114":{"start":{"line":195,"column":8},"end":{"line":195,"column":40}},"115":{"start":{"line":196,"column":8},"end":{"line":196,"column":38}},"116":{"start":{"line":197,"column":8},"end":{"line":197,"column":61}},"117":{"start":{"line":198,"column":8},"end":{"line":198,"column":49}},"118":{"start":{"line":199,"column":8},"end":{"line":199,"column":15}}},"fnMap":{"0":{"name":"_interopRequireDefault","decl":{"start":{"line":9,"column":9},"end":{"line":9,"column":31}},"loc":{"start":{"line":9,"column":37},"end":{"line":9,"column":97}},"line":9},"1":{"name":"(anonymous_1)","decl":{"start":{"line":18,"column":63},"end":{"line":18,"column":64}},"loc":{"start":{"line":18,"column":75},"end":{"line":203,"column":1}},"line":18},"2":{"name":"(anonymous_2)","decl":{"start":{"line":19,"column":62},"end":{"line":19,"column":63}},"loc":{"start":{"line":19,"column":74},"end":{"line":48,"column":3}},"line":19},"3":{"name":"(anonymous_3)","decl":{"start":{"line":20,"column":104},"end":{"line":20,"column":105}},"loc":{"start":{"line":20,"column":120},"end":{"line":47,"column":5}},"line":20},"4":{"name":"(anonymous_4)","decl":{"start":{"line":26,"column":94},"end":{"line":26,"column":95}},"loc":{"start":{"line":26,"column":114},"end":{"line":46,"column":7}},"line":26},"5":{"name":"(anonymous_5)","decl":{"start":{"line":36,"column":156},"end":{"line":36,"column":157}},"loc":{"start":{"line":36,"column":176},"end":{"line":45,"column":9}},"line":36},"6":{"name":"(anonymous_6)","decl":{"start":{"line":49,"column":62},"end":{"line":49,"column":63}},"loc":{"start":{"line":49,"column":74},"end":{"line":75,"column":3}},"line":49},"7":{"name":"(anonymous_7)","decl":{"start":{"line":50,"column":70},"end":{"line":50,"column":71}},"loc":{"start":{"line":50,"column":86},"end":{"line":74,"column":5}},"line":50},"8":{"name":"(anonymous_8)","decl":{"start":{"line":56,"column":94},"end":{"line":56,"column":95}},"loc":{"start":{"line":56,"column":114},"end":{"line":73,"column":7}},"line":56},"9":{"name":"(anonymous_9)","decl":{"start":{"line":66,"column":156},"end":{"line":66,"column":157}},"loc":{"start":{"line":66,"column":176},"end":{"line":72,"column":9}},"line":66},"10":{"name":"(anonymous_10)","decl":{"start":{"line":76,"column":62},"end":{"line":76,"column":63}},"loc":{"start":{"line":76,"column":74},"end":{"line":105,"column":3}},"line":76},"11":{"name":"(anonymous_11)","decl":{"start":{"line":77,"column":104},"end":{"line":77,"column":105}},"loc":{"start":{"line":77,"column":120},"end":{"line":104,"column":5}},"line":77},"12":{"name":"(anonymous_12)","decl":{"start":{"line":83,"column":94},"end":{"line":83,"column":95}},"loc":{"start":{"line":83,"column":114},"end":{"line":103,"column":7}},"line":83},"13":{"name":"(anonymous_13)","decl":{"start":{"line":93,"column":156},"end":{"line":93,"column":157}},"loc":{"start":{"line":93,"column":176},"end":{"line":102,"column":9}},"line":93},"14":{"name":"(anonymous_14)","decl":{"start":{"line":106,"column":62},"end":{"line":106,"column":63}},"loc":{"start":{"line":106,"column":74},"end":{"line":132,"column":3}},"line":106},"15":{"name":"(anonymous_15)","decl":{"start":{"line":107,"column":71},"end":{"line":107,"column":72}},"loc":{"start":{"line":107,"column":87},"end":{"line":131,"column":5}},"line":107},"16":{"name":"(anonymous_16)","decl":{"start":{"line":113,"column":94},"end":{"line":113,"column":95}},"loc":{"start":{"line":113,"column":114},"end":{"line":130,"column":7}},"line":113},"17":{"name":"(anonymous_17)","decl":{"start":{"line":123,"column":156},"end":{"line":123,"column":157}},"loc":{"start":{"line":123,"column":176},"end":{"line":129,"column":9}},"line":123},"18":{"name":"(anonymous_18)","decl":{"start":{"line":133,"column":62},"end":{"line":133,"column":63}},"loc":{"start":{"line":133,"column":74},"end":{"line":159,"column":3}},"line":133},"19":{"name":"(anonymous_19)","decl":{"start":{"line":134,"column":73},"end":{"line":134,"column":74}},"loc":{"start":{"line":134,"column":89},"end":{"line":158,"column":5}},"line":134},"20":{"name":"(anonymous_20)","decl":{"start":{"line":140,"column":94},"end":{"line":140,"column":95}},"loc":{"start":{"line":140,"column":114},"end":{"line":157,"column":7}},"line":140},"21":{"name":"(anonymous_21)","decl":{"start":{"line":150,"column":155},"end":{"line":150,"column":156}},"loc":{"start":{"line":150,"column":175},"end":{"line":156,"column":9}},"line":150},"22":{"name":"(anonymous_22)","decl":{"start":{"line":160,"column":62},"end":{"line":160,"column":63}},"loc":{"start":{"line":160,"column":74},"end":{"line":186,"column":3}},"line":160},"23":{"name":"(anonymous_23)","decl":{"start":{"line":161,"column":62},"end":{"line":161,"column":63}},"loc":{"start":{"line":161,"column":78},"end":{"line":185,"column":5}},"line":161},"24":{"name":"(anonymous_24)","decl":{"start":{"line":167,"column":94},"end":{"line":167,"column":95}},"loc":{"start":{"line":167,"column":114},"end":{"line":184,"column":7}},"line":167},"25":{"name":"(anonymous_25)","decl":{"start":{"line":177,"column":155},"end":{"line":177,"column":156}},"loc":{"start":{"line":177,"column":175},"end":{"line":183,"column":9}},"line":177},"26":{"name":"(anonymous_26)","decl":{"start":{"line":187,"column":62},"end":{"line":187,"column":63}},"loc":{"start":{"line":187,"column":74},"end":{"line":202,"column":3}},"line":187},"27":{"name":"(anonymous_27)","decl":{"start":{"line":188,"column":84},"end":{"line":188,"column":85}},"loc":{"start":{"line":188,"column":100},"end":{"line":201,"column":5}},"line":188},"28":{"name":"(anonymous_28)","decl":{"start":{"line":194,"column":380},"end":{"line":194,"column":381}},"loc":{"start":{"line":194,"column":400},"end":{"line":200,"column":7}},"line":194}},"branchMap":{"0":{"loc":{"start":{"line":9,"column":46},"end":{"line":9,"column":94}},"type":"cond-expr","locations":[{"start":{"line":9,"column":70},"end":{"line":9,"column":73}},{"start":{"line":9,"column":76},"end":{"line":9,"column":94}}],"line":9},"1":{"loc":{"start":{"line":9,"column":46},"end":{"line":9,"column":67}},"type":"binary-expr","locations":[{"start":{"line":9,"column":46},"end":{"line":9,"column":49}},{"start":{"line":9,"column":53},"end":{"line":9,"column":67}}],"line":9}},"s":{"0":1,"1":1,"2":1,"3":3,"4":1,"5":1,"6":1,"7":1,"8":1,"9":1,"10":1,"11":1,"12":1,"13":1,"14":1,"15":1,"16":1,"17":1,"18":1,"19":1,"20":1,"21":1,"22":1,"23":1,"24":1,"25":1,"26":1,"27":1,"28":1,"29":1,"30":1,"31":1,"32":1,"33":1,"34":1,"35":1,"36":1,"37":1,"38":1,"39":1,"40":1,"41":1,"42":1,"43":1,"44":1,"45":1,"46":1,"47":1,"48":1,"49":1,"50":1,"51":1,"52":1,"53":1,"54":1,"55":1,"56":1,"57":1,"58":1,"59":1,"60":1,"61":1,"62":1,"63":1,"64":1,"65":1,"66":1,"67":1,"68":1,"69":1,"70":1,"71":1,"72":1,"73":1,"74":1,"75":1,"76":1,"77":1,"78":1,"79":1,"80":1,"81":1,"82":1,"83":1,"84":1,"85":1,"86":1,"87":1,"88":1,"89":1,"90":1,"91":1,"92":1,"93":1,"94":1,"95":1,"96":1,"97":1,"98":1,"99":1,"100":1,"101":1,"102":1,"103":1,"104":1,"105":1,"106":1,"107":1,"108":1,"109":1,"110":1,"111":1,"112":1,"113":1,"114":1,"115":1,"116":1,"117":1,"118":1},"f":{"0":3,"1":1,"2":1,"3":1,"4":1,"5":1,"6":1,"7":1,"8":1,"9":1,"10":1,"11":1,"12":1,"13":1,"14":1,"15":1,"16":1,"17":1,"18":1,"19":1,"20":1,"21":1,"22":1,"23":1,"24":1,"25":1,"26":1,"27":1,"28":1},"b":{"0":[1,2],"1":[3,3]},"_coverageSchema":"43e27e138ebf9cfc5966b082cf9a028302ed4184","hash":"83e5319cb4745b5b9da37bf283c447e4e01c895f","contentHash":"15771de7b49189bdc1cc1e1d4024adaf5d92f1445fda0b3f11942b3d99f7e11b"},"C:\\Users\\MONDAY\\Documents\\Projects\\javascript_project\\Banka\\server.js":{"path":"C:\\Users\\MONDAY\\Documents\\Projects\\javascript_project\\Banka\\server.js","statementMap":{"0":{"start":{"line":3,"column":0},"end":{"line":5,"column":3}},"1":{"start":{"line":6,"column":0},"end":{"line":6,"column":44}},"2":{"start":{"line":8,"column":15},"end":{"line":8,"column":57}},"3":{"start":{"line":10,"column":18},"end":{"line":10,"column":64}},"4":{"start":{"line":12,"column":14},"end":{"line":12,"column":55}},"5":{"start":{"line":14,"column":13},"end":{"line":14,"column":29}},"6":{"start":{"line":16,"column":14},"end":{"line":16,"column":57}},"7":{"start":{"line":18,"column":14},"end":{"line":18,"column":61}},"8":{"start":{"line":20,"column":16},"end":{"line":20,"column":74}},"9":{"start":{"line":22,"column":14},"end":{"line":22,"column":61}},"10":{"start":{"line":24,"column":39},"end":{"line":24,"column":95}},"11":{"start":{"line":26,"column":10},"end":{"line":26,"column":36}},"12":{"start":{"line":28,"column":0},"end":{"line":28,"column":28}},"13":{"start":{"line":30,"column":17},"end":{"line":30,"column":45}},"14":{"start":{"line":32,"column":17},"end":{"line":32,"column":45}},"15":{"start":{"line":34,"column":18},"end":{"line":34,"column":46}},"16":{"start":{"line":36,"column":18},"end":{"line":36,"column":46}},"17":{"start":{"line":38,"column":15},"end":{"line":38,"column":51}},"18":{"start":{"line":39,"column":12},"end":{"line":42,"column":1}},"19":{"start":{"line":43,"column":0},"end":{"line":43,"column":22}},"20":{"start":{"line":44,"column":28},"end":{"line":44,"column":79}},"21":{"start":{"line":47,"column":2},"end":{"line":47,"column":31}},"22":{"start":{"line":50,"column":0},"end":{"line":52,"column":4}},"23":{"start":{"line":53,"column":0},"end":{"line":53,"column":39}},"24":{"start":{"line":54,"column":0},"end":{"line":54,"column":49}},"25":{"start":{"line":55,"column":16},"end":{"line":55,"column":44}},"26":{"start":{"line":56,"column":16},"end":{"line":56,"column":67}},"27":{"start":{"line":57,"column":16},"end":{"line":57,"column":67}},"28":{"start":{"line":58,"column":17},"end":{"line":58,"column":70}},"29":{"start":{"line":59,"column":17},"end":{"line":59,"column":70}},"30":{"start":{"line":60,"column":0},"end":{"line":60,"column":39}},"31":{"start":{"line":61,"column":0},"end":{"line":61,"column":43}},"32":{"start":{"line":62,"column":0},"end":{"line":62,"column":45}},"33":{"start":{"line":63,"column":0},"end":{"line":63,"column":45}},"34":{"start":{"line":64,"column":11},"end":{"line":64,"column":46}},"35":{"start":{"line":65,"column":0},"end":{"line":69,"column":3}},"36":{"start":{"line":66,"column":2},"end":{"line":66,"column":75}},"37":{"start":{"line":66,"column":10},"end":{"line":66,"column":75}},"38":{"start":{"line":67,"column":2},"end":{"line":67,"column":49}},"39":{"start":{"line":68,"column":2},"end":{"line":68,"column":9}},"40":{"start":{"line":70,"column":15},"end":{"line":70,"column":18}},"41":{"start":{"line":71,"column":0},"end":{"line":71,"column":30}}},"fnMap":{"0":{"name":"_interopRequireDefault","decl":{"start":{"line":24,"column":9},"end":{"line":24,"column":31}},"loc":{"start":{"line":24,"column":37},"end":{"line":24,"column":97}},"line":24},"1":{"name":"Init","decl":{"start":{"line":46,"column":9},"end":{"line":46,"column":13}},"loc":{"start":{"line":46,"column":16},"end":{"line":48,"column":1}},"line":46},"2":{"name":"(anonymous_2)","decl":{"start":{"line":65,"column":17},"end":{"line":65,"column":18}},"loc":{"start":{"line":65,"column":31},"end":{"line":69,"column":1}},"line":65}},"branchMap":{"0":{"loc":{"start":{"line":24,"column":46},"end":{"line":24,"column":94}},"type":"cond-expr","locations":[{"start":{"line":24,"column":70},"end":{"line":24,"column":73}},{"start":{"line":24,"column":76},"end":{"line":24,"column":94}}],"line":24},"1":{"loc":{"start":{"line":24,"column":46},"end":{"line":24,"column":67}},"type":"binary-expr","locations":[{"start":{"line":24,"column":46},"end":{"line":24,"column":49}},{"start":{"line":24,"column":53},"end":{"line":24,"column":67}}],"line":24},"2":{"loc":{"start":{"line":66,"column":2},"end":{"line":66,"column":75}},"type":"if","locations":[{"start":{"line":66,"column":2},"end":{"line":66,"column":75}},{"start":{"line":66,"column":2},"end":{"line":66,"column":75}}],"line":66}},"s":{"0":1,"1":1,"2":1,"3":1,"4":1,"5":1,"6":1,"7":1,"8":1,"9":1,"10":7,"11":1,"12":1,"13":1,"14":1,"15":1,"16":1,"17":1,"18":1,"19":1,"20":1,"21":1,"22":1,"23":1,"24":1,"25":1,"26":1,"27":1,"28":1,"29":1,"30":1,"31":1,"32":1,"33":1,"34":1,"35":1,"36":1,"37":0,"38":1,"39":1,"40":1,"41":1},"f":{"0":7,"1":1,"2":1},"b":{"0":[4,3],"1":[7,7],"2":[0,1]},"_coverageSchema":"43e27e138ebf9cfc5966b082cf9a028302ed4184","hash":"3f3337e35a9ce2c21993baeb907466765da35c57","contentHash":"25f04b3c2eb48b8546fdc9faafee4d9097f14e4917b9232007f94297e4dee2a2"},"C:\\Users\\MONDAY\\Documents\\Projects\\javascript_project\\Banka\\config.js":{"path":"C:\\Users\\MONDAY\\Documents\\Projects\\javascript_project\\Banka\\config.js","statementMap":{"0":{"start":{"line":3,"column":0},"end":{"line":5,"column":3}},"1":{"start":{"line":6,"column":0},"end":{"line":6,"column":28}},"2":{"start":{"line":7,"column":13},"end":{"line":11,"column":1}},"3":{"start":{"line":12,"column":15},"end":{"line":12,"column":21}},"4":{"start":{"line":13,"column":0},"end":{"line":13,"column":30}}},"fnMap":{},"branchMap":{"0":{"loc":{"start":{"line":9,"column":10},"end":{"line":9,"column":34}},"type":"binary-expr","locations":[{"start":{"line":9,"column":10},"end":{"line":9,"column":26}},{"start":{"line":9,"column":30},"end":{"line":9,"column":34}}],"line":9}},"s":{"0":1,"1":1,"2":1,"3":1,"4":1},"f":{},"b":{"0":[1,1]},"_coverageSchema":"43e27e138ebf9cfc5966b082cf9a028302ed4184","hash":"6a524b0f2659234aacf91d6505c822149f0d3870","contentHash":"7c44f1ab76309ac0030bee27cbf06a2673daf63b481eac9d8d12c61e04290b4f"},"C:\\Users\\MONDAY\\Documents\\Projects\\javascript_project\\Banka\\src\\routes\\index.js":{"path":"C:\\Users\\MONDAY\\Documents\\Projects\\javascript_project\\Banka\\src\\routes\\index.js","statementMap":{"0":{"start":{"line":3,"column":0},"end":{"line":5,"column":3}},"1":{"start":{"line":6,"column":0},"end":{"line":6,"column":28}},"2":{"start":{"line":8,"column":17},"end":{"line":8,"column":63}},"3":{"start":{"line":10,"column":17},"end":{"line":10,"column":63}},"4":{"start":{"line":12,"column":18},"end":{"line":12,"column":65}},"5":{"start":{"line":14,"column":18},"end":{"line":14,"column":65}},"6":{"start":{"line":16,"column":39},"end":{"line":16,"column":95}},"7":{"start":{"line":18,"column":15},"end":{"line":23,"column":1}},"8":{"start":{"line":24,"column":0},"end":{"line":24,"column":30}}},"fnMap":{"0":{"name":"_interopRequireDefault","decl":{"start":{"line":16,"column":9},"end":{"line":16,"column":31}},"loc":{"start":{"line":16,"column":37},"end":{"line":16,"column":97}},"line":16}},"branchMap":{"0":{"loc":{"start":{"line":16,"column":46},"end":{"line":16,"column":94}},"type":"cond-expr","locations":[{"start":{"line":16,"column":70},"end":{"line":16,"column":73}},{"start":{"line":16,"column":76},"end":{"line":16,"column":94}}],"line":16},"1":{"loc":{"start":{"line":16,"column":46},"end":{"line":16,"column":67}},"type":"binary-expr","locations":[{"start":{"line":16,"column":46},"end":{"line":16,"column":49}},{"start":{"line":16,"column":53},"end":{"line":16,"column":67}}],"line":16}},"s":{"0":1,"1":1,"2":1,"3":1,"4":1,"5":1,"6":4,"7":1,"8":1},"f":{"0":4},"b":{"0":[4,0],"1":[4,4]},"_coverageSchema":"43e27e138ebf9cfc5966b082cf9a028302ed4184","hash":"8ee4cb895203dcf5a61e73e1f6dba0bf98c66969","contentHash":"f2eca36db788b57262372c9aecafc283b95adebdd1b2f653b9ade54eebcd98ee"},"C:\\Users\\MONDAY\\Documents\\Projects\\javascript_project\\Banka\\src\\routes\\homeRoute.js":{"path":"C:\\Users\\MONDAY\\Documents\\Projects\\javascript_project\\Banka\\src\\routes\\homeRoute.js","statementMap":{"0":{"start":{"line":3,"column":0},"end":{"line":5,"column":3}},"1":{"start":{"line":6,"column":0},"end":{"line":6,"column":28}},"2":{"start":{"line":8,"column":12},"end":{"line":8,"column":51}},"3":{"start":{"line":10,"column":13},"end":{"line":10,"column":47}},"4":{"start":{"line":12,"column":19},"end":{"line":12,"column":68}},"5":{"start":{"line":14,"column":39},"end":{"line":14,"column":95}},"6":{"start":{"line":16,"column":50},"end":{"line":16,"column":151}},"7":{"start":{"line":16,"column":92},"end":{"line":16,"column":149}},"8":{"start":{"line":18,"column":44},"end":{"line":18,"column":315}},"9":{"start":{"line":18,"column":57},"end":{"line":18,"column":58}},"10":{"start":{"line":18,"column":102},"end":{"line":18,"column":110}},"11":{"start":{"line":18,"column":112},"end":{"line":18,"column":167}},"12":{"start":{"line":18,"column":168},"end":{"line":18,"column":199}},"13":{"start":{"line":18,"column":200},"end":{"line":18,"column":254}},"14":{"start":{"line":18,"column":227},"end":{"line":18,"column":254}},"15":{"start":{"line":18,"column":255},"end":{"line":18,"column":313}},"16":{"start":{"line":20,"column":62},"end":{"line":20,"column":131}},"17":{"start":{"line":20,"column":78},"end":{"line":20,"column":131}},"18":{"start":{"line":20,"column":132},"end":{"line":20,"column":193}},"19":{"start":{"line":20,"column":149},"end":{"line":20,"column":193}},"20":{"start":{"line":20,"column":194},"end":{"line":20,"column":213}},"21":{"start":{"line":28,"column":0},"end":{"line":60,"column":3}},"22":{"start":{"line":36,"column":4},"end":{"line":36,"column":38}},"23":{"start":{"line":38,"column":4},"end":{"line":38,"column":25}},"24":{"start":{"line":39,"column":4},"end":{"line":39,"column":45}},"25":{"start":{"line":40,"column":4},"end":{"line":40,"column":76}},"26":{"start":{"line":47,"column":2},"end":{"line":57,"column":6}},"27":{"start":{"line":50,"column":6},"end":{"line":52,"column":9}},"28":{"start":{"line":51,"column":8},"end":{"line":51,"column":79}},"29":{"start":{"line":53,"column":6},"end":{"line":53,"column":138}},"30":{"start":{"line":54,"column":6},"end":{"line":54,"column":73}},"31":{"start":{"line":55,"column":6},"end":{"line":55,"column":25}},"32":{"start":{"line":59,"column":2},"end":{"line":59,"column":20}},"33":{"start":{"line":62,"column":0},"end":{"line":62,"column":32}}},"fnMap":{"0":{"name":"_interopRequireDefault","decl":{"start":{"line":14,"column":9},"end":{"line":14,"column":31}},"loc":{"start":{"line":14,"column":37},"end":{"line":14,"column":97}},"line":14},"1":{"name":"_classCallCheck","decl":{"start":{"line":16,"column":9},"end":{"line":16,"column":24}},"loc":{"start":{"line":16,"column":48},"end":{"line":16,"column":153}},"line":16},"2":{"name":"_defineProperties","decl":{"start":{"line":18,"column":9},"end":{"line":18,"column":26}},"loc":{"start":{"line":18,"column":42},"end":{"line":18,"column":317}},"line":18},"3":{"name":"_createClass","decl":{"start":{"line":20,"column":9},"end":{"line":20,"column":21}},"loc":{"start":{"line":20,"column":60},"end":{"line":20,"column":215}},"line":20},"4":{"name":"(anonymous_4)","decl":{"start":{"line":28,"column":0},"end":{"line":28,"column":1}},"loc":{"start":{"line":28,"column":12},"end":{"line":60,"column":1}},"line":28},"5":{"name":"HomeRouter","decl":{"start":{"line":35,"column":11},"end":{"line":35,"column":21}},"loc":{"start":{"line":35,"column":37},"end":{"line":41,"column":3}},"line":35},"6":{"name":"route","decl":{"start":{"line":49,"column":20},"end":{"line":49,"column":25}},"loc":{"start":{"line":49,"column":28},"end":{"line":56,"column":5}},"line":49},"7":{"name":"(anonymous_7)","decl":{"start":{"line":50,"column":33},"end":{"line":50,"column":34}},"loc":{"start":{"line":50,"column":53},"end":{"line":52,"column":7}},"line":50}},"branchMap":{"0":{"loc":{"start":{"line":14,"column":46},"end":{"line":14,"column":94}},"type":"cond-expr","locations":[{"start":{"line":14,"column":70},"end":{"line":14,"column":73}},{"start":{"line":14,"column":76},"end":{"line":14,"column":94}}],"line":14},"1":{"loc":{"start":{"line":14,"column":46},"end":{"line":14,"column":67}},"type":"binary-expr","locations":[{"start":{"line":14,"column":46},"end":{"line":14,"column":49}},{"start":{"line":14,"column":53},"end":{"line":14,"column":67}}],"line":14},"2":{"loc":{"start":{"line":16,"column":50},"end":{"line":16,"column":151}},"type":"if","locations":[{"start":{"line":16,"column":50},"end":{"line":16,"column":151}},{"start":{"line":16,"column":50},"end":{"line":16,"column":151}}],"line":16},"3":{"loc":{"start":{"line":18,"column":136},"end":{"line":18,"column":166}},"type":"binary-expr","locations":[{"start":{"line":18,"column":136},"end":{"line":18,"column":157}},{"start":{"line":18,"column":161},"end":{"line":18,"column":166}}],"line":18},"4":{"loc":{"start":{"line":18,"column":200},"end":{"line":18,"column":254}},"type":"if","locations":[{"start":{"line":18,"column":200},"end":{"line":18,"column":254}},{"start":{"line":18,"column":200},"end":{"line":18,"column":254}}],"line":18},"5":{"loc":{"start":{"line":20,"column":62},"end":{"line":20,"column":131}},"type":"if","locations":[{"start":{"line":20,"column":62},"end":{"line":20,"column":131}},{"start":{"line":20,"column":62},"end":{"line":20,"column":131}}],"line":20},"6":{"loc":{"start":{"line":20,"column":132},"end":{"line":20,"column":193}},"type":"if","locations":[{"start":{"line":20,"column":132},"end":{"line":20,"column":193}},{"start":{"line":20,"column":132},"end":{"line":20,"column":193}}],"line":20}},"s":{"0":1,"1":1,"2":1,"3":1,"4":1,"5":2,"6":1,"7":0,"8":1,"9":1,"10":1,"11":1,"12":1,"13":1,"14":1,"15":1,"16":1,"17":1,"18":1,"19":0,"20":1,"21":1,"22":1,"23":1,"24":1,"25":1,"26":1,"27":1,"28":0,"29":1,"30":1,"31":1,"32":1,"33":1},"f":{"0":2,"1":1,"2":1,"3":1,"4":1,"5":1,"6":1,"7":0},"b":{"0":[1,1],"1":[2,2],"2":[0,1],"3":[1,1],"4":[1,0],"5":[1,0],"6":[0,1]},"_coverageSchema":"43e27e138ebf9cfc5966b082cf9a028302ed4184","hash":"d8c47a290c456502d335cc895ad9502a6c3b5dac","contentHash":"529fcda7ca9b3daf26819d5566a6e8b59c83c787c29b5f37008ef40288df24ce"},"C:\\Users\\MONDAY\\Documents\\Projects\\javascript_project\\Banka\\src\\controllers\\index.js":{"path":"C:\\Users\\MONDAY\\Documents\\Projects\\javascript_project\\Banka\\src\\controllers\\index.js","statementMap":{"0":{"start":{"line":3,"column":0},"end":{"line":5,"column":3}},"1":{"start":{"line":6,"column":0},"end":{"line":6,"column":28}},"2":{"start":{"line":8,"column":22},"end":{"line":8,"column":73}},"3":{"start":{"line":10,"column":22},"end":{"line":10,"column":73}},"4":{"start":{"line":12,"column":23},"end":{"line":12,"column":75}},"5":{"start":{"line":14,"column":23},"end":{"line":14,"column":75}},"6":{"start":{"line":16,"column":39},"end":{"line":16,"column":95}},"7":{"start":{"line":18,"column":15},"end":{"line":23,"column":1}},"8":{"start":{"line":24,"column":0},"end":{"line":24,"column":30}}},"fnMap":{"0":{"name":"_interopRequireDefault","decl":{"start":{"line":16,"column":9},"end":{"line":16,"column":31}},"loc":{"start":{"line":16,"column":37},"end":{"line":16,"column":97}},"line":16}},"branchMap":{"0":{"loc":{"start":{"line":16,"column":46},"end":{"line":16,"column":94}},"type":"cond-expr","locations":[{"start":{"line":16,"column":70},"end":{"line":16,"column":73}},{"start":{"line":16,"column":76},"end":{"line":16,"column":94}}],"line":16},"1":{"loc":{"start":{"line":16,"column":46},"end":{"line":16,"column":67}},"type":"binary-expr","locations":[{"start":{"line":16,"column":46},"end":{"line":16,"column":49}},{"start":{"line":16,"column":53},"end":{"line":16,"column":67}}],"line":16}},"s":{"0":1,"1":1,"2":1,"3":1,"4":1,"5":1,"6":4,"7":1,"8":1},"f":{"0":4},"b":{"0":[4,0],"1":[4,4]},"_coverageSchema":"43e27e138ebf9cfc5966b082cf9a028302ed4184","hash":"6f5e45b197f6dbbed139e7d9d6633da7c7b2b762","contentHash":"53bae48bac8f6ef6a359ddb4e97081a1edbaf086b24aa66f3acdbe54f89d812d"},"C:\\Users\\MONDAY\\Documents\\Projects\\javascript_project\\Banka\\src\\controllers\\homeController.js":{"path":"C:\\Users\\MONDAY\\Documents\\Projects\\javascript_project\\Banka\\src\\controllers\\homeController.js","statementMap":{"0":{"start":{"line":3,"column":0},"end":{"line":5,"column":3}},"1":{"start":{"line":6,"column":0},"end":{"line":6,"column":28}},"2":{"start":{"line":8,"column":20},"end":{"line":8,"column":67}},"3":{"start":{"line":10,"column":13},"end":{"line":10,"column":47}},"4":{"start":{"line":12,"column":12},"end":{"line":12,"column":30}},"5":{"start":{"line":14,"column":39},"end":{"line":14,"column":95}},"6":{"start":{"line":16,"column":50},"end":{"line":16,"column":151}},"7":{"start":{"line":16,"column":92},"end":{"line":16,"column":149}},"8":{"start":{"line":18,"column":44},"end":{"line":18,"column":315}},"9":{"start":{"line":18,"column":57},"end":{"line":18,"column":58}},"10":{"start":{"line":18,"column":102},"end":{"line":18,"column":110}},"11":{"start":{"line":18,"column":112},"end":{"line":18,"column":167}},"12":{"start":{"line":18,"column":168},"end":{"line":18,"column":199}},"13":{"start":{"line":18,"column":200},"end":{"line":18,"column":254}},"14":{"start":{"line":18,"column":227},"end":{"line":18,"column":254}},"15":{"start":{"line":18,"column":255},"end":{"line":18,"column":313}},"16":{"start":{"line":20,"column":62},"end":{"line":20,"column":131}},"17":{"start":{"line":20,"column":78},"end":{"line":20,"column":131}},"18":{"start":{"line":20,"column":132},"end":{"line":20,"column":193}},"19":{"start":{"line":20,"column":149},"end":{"line":20,"column":193}},"20":{"start":{"line":20,"column":194},"end":{"line":20,"column":213}},"21":{"start":{"line":28,"column":0},"end":{"line":189,"column":3}},"22":{"start":{"line":35,"column":4},"end":{"line":35,"column":42}},"23":{"start":{"line":37,"column":4},"end":{"line":37,"column":23}},"24":{"start":{"line":38,"column":4},"end":{"line":38,"column":41}},"25":{"start":{"line":39,"column":4},"end":{"line":39,"column":41}},"26":{"start":{"line":48,"column":2},"end":{"line":186,"column":6}},"27":{"start":{"line":51,"column":18},"end":{"line":51,"column":22}},"28":{"start":{"line":53,"column":19},"end":{"line":53,"column":52}},"29":{"start":{"line":55,"column":6},"end":{"line":60,"column":7}},"30":{"start":{"line":56,"column":8},"end":{"line":59,"column":11}},"31":{"start":{"line":62,"column":22},"end":{"line":62,"column":87}},"32":{"start":{"line":63,"column":21},"end":{"line":63,"column":80}},"33":{"start":{"line":65,"column":6},"end":{"line":70,"column":7}},"34":{"start":{"line":66,"column":8},"end":{"line":69,"column":11}},"35":{"start":{"line":72,"column":22},"end":{"line":72,"column":30}},"36":{"start":{"line":73,"column":21},"end":{"line":73,"column":39}},"37":{"start":{"line":74,"column":28},"end":{"line":74,"column":53}},"38":{"start":{"line":76,"column":6},"end":{"line":81,"column":7}},"39":{"start":{"line":77,"column":8},"end":{"line":80,"column":11}},"40":{"start":{"line":83,"column":23},"end":{"line":85,"column":7}},"41":{"start":{"line":86,"column":6},"end":{"line":129,"column":9}},"42":{"start":{"line":87,"column":8},"end":{"line":87,"column":55}},"43":{"start":{"line":87,"column":17},"end":{"line":87,"column":55}},"44":{"start":{"line":89,"column":8},"end":{"line":94,"column":9}},"45":{"start":{"line":90,"column":10},"end":{"line":93,"column":13}},"46":{"start":{"line":96,"column":23},"end":{"line":96,"column":65}},"47":{"start":{"line":97,"column":8},"end":{"line":97,"column":37}},"48":{"start":{"line":98,"column":19},"end":{"line":106,"column":9}},"49":{"start":{"line":108,"column":8},"end":{"line":128,"column":11}},"50":{"start":{"line":109,"column":10},"end":{"line":109,"column":57}},"51":{"start":{"line":109,"column":18},"end":{"line":109,"column":57}},"52":{"start":{"line":110,"column":24},"end":{"line":113,"column":11}},"53":{"start":{"line":114,"column":24},"end":{"line":117,"column":11}},"54":{"start":{"line":118,"column":23},"end":{"line":118,"column":76}},"55":{"start":{"line":120,"column":22},"end":{"line":120,"column":77}},"56":{"start":{"line":122,"column":10},"end":{"line":122,"column":33}},"57":{"start":{"line":123,"column":25},"end":{"line":126,"column":11}},"58":{"start":{"line":127,"column":10},"end":{"line":127,"column":48}},"59":{"start":{"line":134,"column":22},"end":{"line":134,"column":43}},"60":{"start":{"line":135,"column":21},"end":{"line":135,"column":80}},"61":{"start":{"line":137,"column":6},"end":{"line":142,"column":7}},"62":{"start":{"line":138,"column":8},"end":{"line":141,"column":11}},"63":{"start":{"line":144,"column":23},"end":{"line":146,"column":7}},"64":{"start":{"line":147,"column":6},"end":{"line":184,"column":9}},"65":{"start":{"line":148,"column":8},"end":{"line":148,"column":55}},"66":{"start":{"line":148,"column":17},"end":{"line":148,"column":55}},"67":{"start":{"line":150,"column":8},"end":{"line":155,"column":9}},"68":{"start":{"line":151,"column":10},"end":{"line":154,"column":13}},"69":{"start":{"line":157,"column":29},"end":{"line":157,"column":94}},"70":{"start":{"line":159,"column":8},"end":{"line":164,"column":9}},"71":{"start":{"line":160,"column":10},"end":{"line":163,"column":13}},"72":{"start":{"line":166,"column":22},"end":{"line":169,"column":9}},"73":{"start":{"line":170,"column":22},"end":{"line":173,"column":9}},"74":{"start":{"line":174,"column":21},"end":{"line":174,"column":74}},"75":{"start":{"line":176,"column":20},"end":{"line":176,"column":75}},"76":{"start":{"line":178,"column":8},"end":{"line":178,"column":32}},"77":{"start":{"line":179,"column":23},"end":{"line":182,"column":9}},"78":{"start":{"line":183,"column":8},"end":{"line":183,"column":46}},"79":{"start":{"line":188,"column":2},"end":{"line":188,"column":24}},"80":{"start":{"line":191,"column":15},"end":{"line":191,"column":29}},"81":{"start":{"line":192,"column":0},"end":{"line":192,"column":30}}},"fnMap":{"0":{"name":"_interopRequireDefault","decl":{"start":{"line":14,"column":9},"end":{"line":14,"column":31}},"loc":{"start":{"line":14,"column":37},"end":{"line":14,"column":97}},"line":14},"1":{"name":"_classCallCheck","decl":{"start":{"line":16,"column":9},"end":{"line":16,"column":24}},"loc":{"start":{"line":16,"column":48},"end":{"line":16,"column":153}},"line":16},"2":{"name":"_defineProperties","decl":{"start":{"line":18,"column":9},"end":{"line":18,"column":26}},"loc":{"start":{"line":18,"column":42},"end":{"line":18,"column":317}},"line":18},"3":{"name":"_createClass","decl":{"start":{"line":20,"column":9},"end":{"line":20,"column":21}},"loc":{"start":{"line":20,"column":60},"end":{"line":20,"column":215}},"line":20},"4":{"name":"(anonymous_4)","decl":{"start":{"line":28,"column":0},"end":{"line":28,"column":1}},"loc":{"start":{"line":28,"column":12},"end":{"line":189,"column":1}},"line":28},"5":{"name":"HomeController","decl":{"start":{"line":34,"column":11},"end":{"line":34,"column":25}},"loc":{"start":{"line":34,"column":33},"end":{"line":40,"column":3}},"line":34},"6":{"name":"signup","decl":{"start":{"line":50,"column":20},"end":{"line":50,"column":26}},"loc":{"start":{"line":50,"column":37},"end":{"line":130,"column":5}},"line":50},"7":{"name":"(anonymous_7)","decl":{"start":{"line":86,"column":44},"end":{"line":86,"column":45}},"loc":{"start":{"line":86,"column":67},"end":{"line":129,"column":7}},"line":86},"8":{"name":"(anonymous_8)","decl":{"start":{"line":108,"column":43},"end":{"line":108,"column":44}},"loc":{"start":{"line":108,"column":64},"end":{"line":128,"column":9}},"line":108},"9":{"name":"signin","decl":{"start":{"line":133,"column":20},"end":{"line":133,"column":26}},"loc":{"start":{"line":133,"column":37},"end":{"line":185,"column":5}},"line":133},"10":{"name":"(anonymous_10)","decl":{"start":{"line":147,"column":44},"end":{"line":147,"column":45}},"loc":{"start":{"line":147,"column":67},"end":{"line":184,"column":7}},"line":147}},"branchMap":{"0":{"loc":{"start":{"line":14,"column":46},"end":{"line":14,"column":94}},"type":"cond-expr","locations":[{"start":{"line":14,"column":70},"end":{"line":14,"column":73}},{"start":{"line":14,"column":76},"end":{"line":14,"column":94}}],"line":14},"1":{"loc":{"start":{"line":14,"column":46},"end":{"line":14,"column":67}},"type":"binary-expr","locations":[{"start":{"line":14,"column":46},"end":{"line":14,"column":49}},{"start":{"line":14,"column":53},"end":{"line":14,"column":67}}],"line":14},"2":{"loc":{"start":{"line":16,"column":50},"end":{"line":16,"column":151}},"type":"if","locations":[{"start":{"line":16,"column":50},"end":{"line":16,"column":151}},{"start":{"line":16,"column":50},"end":{"line":16,"column":151}}],"line":16},"3":{"loc":{"start":{"line":18,"column":136},"end":{"line":18,"column":166}},"type":"binary-expr","locations":[{"start":{"line":18,"column":136},"end":{"line":18,"column":157}},{"start":{"line":18,"column":161},"end":{"line":18,"column":166}}],"line":18},"4":{"loc":{"start":{"line":18,"column":200},"end":{"line":18,"column":254}},"type":"if","locations":[{"start":{"line":18,"column":200},"end":{"line":18,"column":254}},{"start":{"line":18,"column":200},"end":{"line":18,"column":254}}],"line":18},"5":{"loc":{"start":{"line":20,"column":62},"end":{"line":20,"column":131}},"type":"if","locations":[{"start":{"line":20,"column":62},"end":{"line":20,"column":131}},{"start":{"line":20,"column":62},"end":{"line":20,"column":131}}],"line":20},"6":{"loc":{"start":{"line":20,"column":132},"end":{"line":20,"column":193}},"type":"if","locations":[{"start":{"line":20,"column":132},"end":{"line":20,"column":193}},{"start":{"line":20,"column":132},"end":{"line":20,"column":193}}],"line":20},"7":{"loc":{"start":{"line":55,"column":6},"end":{"line":60,"column":7}},"type":"if","locations":[{"start":{"line":55,"column":6},"end":{"line":60,"column":7}},{"start":{"line":55,"column":6},"end":{"line":60,"column":7}}],"line":55},"8":{"loc":{"start":{"line":65,"column":6},"end":{"line":70,"column":7}},"type":"if","locations":[{"start":{"line":65,"column":6},"end":{"line":70,"column":7}},{"start":{"line":65,"column":6},"end":{"line":70,"column":7}}],"line":65},"9":{"loc":{"start":{"line":76,"column":6},"end":{"line":81,"column":7}},"type":"if","locations":[{"start":{"line":76,"column":6},"end":{"line":81,"column":7}},{"start":{"line":76,"column":6},"end":{"line":81,"column":7}}],"line":76},"10":{"loc":{"start":{"line":87,"column":8},"end":{"line":87,"column":55}},"type":"if","locations":[{"start":{"line":87,"column":8},"end":{"line":87,"column":55}},{"start":{"line":87,"column":8},"end":{"line":87,"column":55}}],"line":87},"11":{"loc":{"start":{"line":89,"column":8},"end":{"line":94,"column":9}},"type":"if","locations":[{"start":{"line":89,"column":8},"end":{"line":94,"column":9}},{"start":{"line":89,"column":8},"end":{"line":94,"column":9}}],"line":89},"12":{"loc":{"start":{"line":89,"column":12},"end":{"line":89,"column":35}},"type":"binary-expr","locations":[{"start":{"line":89,"column":12},"end":{"line":89,"column":18}},{"start":{"line":89,"column":22},"end":{"line":89,"column":35}}],"line":89},"13":{"loc":{"start":{"line":109,"column":10},"end":{"line":109,"column":57}},"type":"if","locations":[{"start":{"line":109,"column":10},"end":{"line":109,"column":57}},{"start":{"line":109,"column":10},"end":{"line":109,"column":57}}],"line":109},"14":{"loc":{"start":{"line":118,"column":23},"end":{"line":118,"column":76}},"type":"binary-expr","locations":[{"start":{"line":118,"column":23},"end":{"line":118,"column":45}},{"start":{"line":118,"column":49},"end":{"line":118,"column":76}}],"line":118},"15":{"loc":{"start":{"line":137,"column":6},"end":{"line":142,"column":7}},"type":"if","locations":[{"start":{"line":137,"column":6},"end":{"line":142,"column":7}},{"start":{"line":137,"column":6},"end":{"line":142,"column":7}}],"line":137},"16":{"loc":{"start":{"line":148,"column":8},"end":{"line":148,"column":55}},"type":"if","locations":[{"start":{"line":148,"column":8},"end":{"line":148,"column":55}},{"start":{"line":148,"column":8},"end":{"line":148,"column":55}}],"line":148},"17":{"loc":{"start":{"line":150,"column":8},"end":{"line":155,"column":9}},"type":"if","locations":[{"start":{"line":150,"column":8},"end":{"line":155,"column":9}},{"start":{"line":150,"column":8},"end":{"line":155,"column":9}}],"line":150},"18":{"loc":{"start":{"line":150,"column":12},"end":{"line":150,"column":36}},"type":"binary-expr","locations":[{"start":{"line":150,"column":12},"end":{"line":150,"column":18}},{"start":{"line":150,"column":22},"end":{"line":150,"column":36}}],"line":150},"19":{"loc":{"start":{"line":159,"column":8},"end":{"line":164,"column":9}},"type":"if","locations":[{"start":{"line":159,"column":8},"end":{"line":164,"column":9}},{"start":{"line":159,"column":8},"end":{"line":164,"column":9}}],"line":159},"20":{"loc":{"start":{"line":174,"column":21},"end":{"line":174,"column":74}},"type":"binary-expr","locations":[{"start":{"line":174,"column":21},"end":{"line":174,"column":43}},{"start":{"line":174,"column":47},"end":{"line":174,"column":74}}],"line":174}},"s":{"0":1,"1":1,"2":1,"3":1,"4":1,"5":1,"6":1,"7":0,"8":1,"9":1,"10":2,"11":2,"12":2,"13":2,"14":2,"15":2,"16":1,"17":1,"18":1,"19":0,"20":1,"21":1,"22":1,"23":1,"24":1,"25":1,"26":1,"27":10,"28":10,"29":10,"30":2,"31":8,"32":8,"33":8,"34":4,"35":4,"36":4,"37":4,"38":4,"39":1,"40":3,"41":3,"42":3,"43":0,"44":3,"45":1,"46":2,"47":2,"48":2,"49":2,"50":2,"51":0,"52":2,"53":2,"54":2,"55":2,"56":2,"57":2,"58":2,"59":23,"60":23,"61":23,"62":2,"63":21,"64":21,"65":21,"66":0,"67":21,"68":1,"69":20,"70":20,"71":1,"72":19,"73":19,"74":19,"75":19,"76":19,"77":19,"78":19,"79":1,"80":1,"81":1},"f":{"0":1,"1":1,"2":1,"3":1,"4":1,"5":1,"6":10,"7":3,"8":2,"9":23,"10":21},"b":{"0":[0,1],"1":[1,1],"2":[0,1],"3":[2,2],"4":[2,0],"5":[1,0],"6":[0,1],"7":[2,8],"8":[4,4],"9":[1,3],"10":[0,3],"11":[1,2],"12":[3,3],"13":[0,2],"14":[2,0],"15":[2,21],"16":[0,21],"17":[1,20],"18":[21,21],"19":[1,19],"20":[19,0]},"_coverageSchema":"43e27e138ebf9cfc5966b082cf9a028302ed4184","hash":"e031998c9524da4c42ef3ac2854ce414f58b2010","contentHash":"c8d0b174ada4a29f7a427393164ca468df875e79c8d42f4bbd30959772cc3064"},"C:\\Users\\MONDAY\\Documents\\Projects\\javascript_project\\Banka\\src\\util\\index.js":{"path":"C:\\Users\\MONDAY\\Documents\\Projects\\javascript_project\\Banka\\src\\util\\index.js","statementMap":{"0":{"start":{"line":3,"column":0},"end":{"line":5,"column":3}},"1":{"start":{"line":6,"column":0},"end":{"line":6,"column":40}},"2":{"start":{"line":7,"column":0},"end":{"line":7,"column":38}},"3":{"start":{"line":8,"column":0},"end":{"line":8,"column":36}},"4":{"start":{"line":9,"column":0},"end":{"line":9,"column":42}},"5":{"start":{"line":10,"column":0},"end":{"line":10,"column":54}},"6":{"start":{"line":11,"column":0},"end":{"line":11,"column":38}},"7":{"start":{"line":13,"column":20},"end":{"line":13,"column":67}},"8":{"start":{"line":15,"column":16},"end":{"line":15,"column":59}},"9":{"start":{"line":17,"column":39},"end":{"line":17,"column":95}},"10":{"start":{"line":20,"column":2},"end":{"line":22,"column":3}},"11":{"start":{"line":20,"column":15},"end":{"line":20,"column":16}},"12":{"start":{"line":21,"column":4},"end":{"line":21,"column":44}},"13":{"start":{"line":21,"column":35},"end":{"line":21,"column":44}},"14":{"start":{"line":24,"column":2},"end":{"line":24,"column":12}},"15":{"start":{"line":28,"column":2},"end":{"line":30,"column":3}},"16":{"start":{"line":29,"column":4},"end":{"line":29,"column":16}},"17":{"start":{"line":32,"column":2},"end":{"line":32,"column":15}},"18":{"start":{"line":36,"column":2},"end":{"line":38,"column":3}},"19":{"start":{"line":37,"column":4},"end":{"line":37,"column":47}},"20":{"start":{"line":40,"column":13},"end":{"line":40,"column":48}},"21":{"start":{"line":42,"column":13},"end":{"line":42,"column":58}},"22":{"start":{"line":44,"column":2},"end":{"line":44,"column":14}},"23":{"start":{"line":48,"column":2},"end":{"line":48,"column":58}},"24":{"start":{"line":52,"column":2},"end":{"line":52,"column":20}},"25":{"start":{"line":56,"column":28},"end":{"line":56,"column":53}},"26":{"start":{"line":58,"column":2},"end":{"line":81,"column":3}},"27":{"start":{"line":59,"column":16},"end":{"line":59,"column":72}},"28":{"start":{"line":60,"column":18},"end":{"line":63,"column":5}},"29":{"start":{"line":64,"column":17},"end":{"line":64,"column":70}},"30":{"start":{"line":66,"column":4},"end":{"line":78,"column":7}},"31":{"start":{"line":67,"column":6},"end":{"line":72,"column":7}},"32":{"start":{"line":68,"column":8},"end":{"line":71,"column":11}},"33":{"start":{"line":74,"column":6},"end":{"line":77,"column":7}},"34":{"start":{"line":75,"column":8},"end":{"line":75,"column":30}},"35":{"start":{"line":76,"column":8},"end":{"line":76,"column":15}},"36":{"start":{"line":80,"column":4},"end":{"line":80,"column":11}}},"fnMap":{"0":{"name":"_interopRequireDefault","decl":{"start":{"line":17,"column":9},"end":{"line":17,"column":31}},"loc":{"start":{"line":17,"column":37},"end":{"line":17,"column":97}},"line":17},"1":{"name":"checkReqFields","decl":{"start":{"line":19,"column":9},"end":{"line":19,"column":23}},"loc":{"start":{"line":19,"column":38},"end":{"line":25,"column":1}},"line":19},"2":{"name":"passwordMatch","decl":{"start":{"line":27,"column":9},"end":{"line":27,"column":22}},"loc":{"start":{"line":27,"column":50},"end":{"line":33,"column":1}},"line":27},"3":{"name":"hashPassword","decl":{"start":{"line":35,"column":9},"end":{"line":35,"column":21}},"loc":{"start":{"line":35,"column":32},"end":{"line":45,"column":1}},"line":35},"4":{"name":"comparePassword","decl":{"start":{"line":47,"column":9},"end":{"line":47,"column":24}},"loc":{"start":{"line":47,"column":41},"end":{"line":49,"column":1}},"line":47},"5":{"name":"generateAccountNumber","decl":{"start":{"line":51,"column":9},"end":{"line":51,"column":30}},"loc":{"start":{"line":51,"column":37},"end":{"line":53,"column":1}},"line":51},"6":{"name":"validateToken","decl":{"start":{"line":55,"column":9},"end":{"line":55,"column":22}},"loc":{"start":{"line":55,"column":39},"end":{"line":82,"column":1}},"line":55},"7":{"name":"(anonymous_7)","decl":{"start":{"line":66,"column":60},"end":{"line":66,"column":61}},"loc":{"start":{"line":66,"column":83},"end":{"line":78,"column":5}},"line":66}},"branchMap":{"0":{"loc":{"start":{"line":17,"column":46},"end":{"line":17,"column":94}},"type":"cond-expr","locations":[{"start":{"line":17,"column":70},"end":{"line":17,"column":73}},{"start":{"line":17,"column":76},"end":{"line":17,"column":94}}],"line":17},"1":{"loc":{"start":{"line":17,"column":46},"end":{"line":17,"column":67}},"type":"binary-expr","locations":[{"start":{"line":17,"column":46},"end":{"line":17,"column":49}},{"start":{"line":17,"column":53},"end":{"line":17,"column":67}}],"line":17},"2":{"loc":{"start":{"line":21,"column":4},"end":{"line":21,"column":44}},"type":"if","locations":[{"start":{"line":21,"column":4},"end":{"line":21,"column":44}},{"start":{"line":21,"column":4},"end":{"line":21,"column":44}}],"line":21},"3":{"loc":{"start":{"line":28,"column":2},"end":{"line":30,"column":3}},"type":"if","locations":[{"start":{"line":28,"column":2},"end":{"line":30,"column":3}},{"start":{"line":28,"column":2},"end":{"line":30,"column":3}}],"line":28},"4":{"loc":{"start":{"line":36,"column":2},"end":{"line":38,"column":3}},"type":"if","locations":[{"start":{"line":36,"column":2},"end":{"line":38,"column":3}},{"start":{"line":36,"column":2},"end":{"line":38,"column":3}}],"line":36},"5":{"loc":{"start":{"line":58,"column":2},"end":{"line":81,"column":3}},"type":"if","locations":[{"start":{"line":58,"column":2},"end":{"line":81,"column":3}},{"start":{"line":58,"column":2},"end":{"line":81,"column":3}}],"line":58},"6":{"loc":{"start":{"line":59,"column":16},"end":{"line":59,"column":72}},"type":"binary-expr","locations":[{"start":{"line":59,"column":16},"end":{"line":59,"column":49}},{"start":{"line":59,"column":53},"end":{"line":59,"column":72}}],"line":59},"7":{"loc":{"start":{"line":64,"column":17},"end":{"line":64,"column":70}},"type":"binary-expr","locations":[{"start":{"line":64,"column":17},"end":{"line":64,"column":39}},{"start":{"line":64,"column":43},"end":{"line":64,"column":70}}],"line":64},"8":{"loc":{"start":{"line":67,"column":6},"end":{"line":72,"column":7}},"type":"if","locations":[{"start":{"line":67,"column":6},"end":{"line":72,"column":7}},{"start":{"line":67,"column":6},"end":{"line":72,"column":7}}],"line":67},"9":{"loc":{"start":{"line":74,"column":6},"end":{"line":77,"column":7}},"type":"if","locations":[{"start":{"line":74,"column":6},"end":{"line":77,"column":7}},{"start":{"line":74,"column":6},"end":{"line":77,"column":7}}],"line":74}},"s":{"0":1,"1":1,"2":1,"3":1,"4":1,"5":1,"6":1,"7":1,"8":1,"9":2,"10":31,"11":31,"12":77,"13":6,"14":25,"15":4,"16":3,"17":1,"18":9,"19":0,"20":9,"21":9,"22":9,"23":20,"24":1,"25":20,"26":20,"27":20,"28":20,"29":20,"30":20,"31":20,"32":4,"33":16,"34":16,"35":16,"36":0},"f":{"0":2,"1":31,"2":4,"3":9,"4":20,"5":1,"6":20,"7":20},"b":{"0":[0,2],"1":[2,2],"2":[6,71],"3":[3,1],"4":[0,9],"5":[20,0],"6":[20,20],"7":[20,0],"8":[4,16],"9":[16,0]},"_coverageSchema":"43e27e138ebf9cfc5966b082cf9a028302ed4184","hash":"cab9d05f1ea5e7c2505cd29c1c678882e6aead6d","contentHash":"42ddd706d9cb7ce467fb6a9cf6833088799d50528983bb2be1e4547a888e434e"},"C:\\Users\\MONDAY\\Documents\\Projects\\javascript_project\\Banka\\src\\controllers\\userController.js":{"path":"C:\\Users\\MONDAY\\Documents\\Projects\\javascript_project\\Banka\\src\\controllers\\userController.js","statementMap":{"0":{"start":{"line":3,"column":0},"end":{"line":5,"column":3}},"1":{"start":{"line":6,"column":0},"end":{"line":6,"column":28}},"2":{"start":{"line":8,"column":12},"end":{"line":8,"column":30}},"3":{"start":{"line":10,"column":50},"end":{"line":10,"column":151}},"4":{"start":{"line":10,"column":92},"end":{"line":10,"column":149}},"5":{"start":{"line":12,"column":44},"end":{"line":12,"column":315}},"6":{"start":{"line":12,"column":57},"end":{"line":12,"column":58}},"7":{"start":{"line":12,"column":102},"end":{"line":12,"column":110}},"8":{"start":{"line":12,"column":112},"end":{"line":12,"column":167}},"9":{"start":{"line":12,"column":168},"end":{"line":12,"column":199}},"10":{"start":{"line":12,"column":200},"end":{"line":12,"column":254}},"11":{"start":{"line":12,"column":227},"end":{"line":12,"column":254}},"12":{"start":{"line":12,"column":255},"end":{"line":12,"column":313}},"13":{"start":{"line":14,"column":62},"end":{"line":14,"column":131}},"14":{"start":{"line":14,"column":78},"end":{"line":14,"column":131}},"15":{"start":{"line":14,"column":132},"end":{"line":14,"column":193}},"16":{"start":{"line":14,"column":149},"end":{"line":14,"column":193}},"17":{"start":{"line":14,"column":194},"end":{"line":14,"column":213}},"18":{"start":{"line":22,"column":0},"end":{"line":66,"column":3}},"19":{"start":{"line":29,"column":4},"end":{"line":29,"column":42}},"20":{"start":{"line":31,"column":4},"end":{"line":31,"column":23}},"21":{"start":{"line":32,"column":4},"end":{"line":32,"column":55}},"22":{"start":{"line":35,"column":2},"end":{"line":63,"column":6}},"23":{"start":{"line":38,"column":26},"end":{"line":38,"column":73}},"24":{"start":{"line":39,"column":17},"end":{"line":45,"column":7}},"25":{"start":{"line":46,"column":6},"end":{"line":61,"column":9}},"26":{"start":{"line":47,"column":8},"end":{"line":47,"column":64}},"27":{"start":{"line":47,"column":17},"end":{"line":47,"column":64}},"28":{"start":{"line":48,"column":23},"end":{"line":59,"column":9}},"29":{"start":{"line":60,"column":8},"end":{"line":60,"column":39}},"30":{"start":{"line":65,"column":2},"end":{"line":65,"column":24}},"31":{"start":{"line":68,"column":15},"end":{"line":68,"column":29}},"32":{"start":{"line":69,"column":0},"end":{"line":69,"column":30}}},"fnMap":{"0":{"name":"_classCallCheck","decl":{"start":{"line":10,"column":9},"end":{"line":10,"column":24}},"loc":{"start":{"line":10,"column":48},"end":{"line":10,"column":153}},"line":10},"1":{"name":"_defineProperties","decl":{"start":{"line":12,"column":9},"end":{"line":12,"column":26}},"loc":{"start":{"line":12,"column":42},"end":{"line":12,"column":317}},"line":12},"2":{"name":"_createClass","decl":{"start":{"line":14,"column":9},"end":{"line":14,"column":21}},"loc":{"start":{"line":14,"column":60},"end":{"line":14,"column":215}},"line":14},"3":{"name":"(anonymous_3)","decl":{"start":{"line":22,"column":0},"end":{"line":22,"column":1}},"loc":{"start":{"line":22,"column":12},"end":{"line":66,"column":1}},"line":22},"4":{"name":"UserController","decl":{"start":{"line":28,"column":11},"end":{"line":28,"column":25}},"loc":{"start":{"line":28,"column":33},"end":{"line":33,"column":3}},"line":28},"5":{"name":"createAccount","decl":{"start":{"line":37,"column":20},"end":{"line":37,"column":33}},"loc":{"start":{"line":37,"column":44},"end":{"line":62,"column":5}},"line":37},"6":{"name":"(anonymous_6)","decl":{"start":{"line":46,"column":44},"end":{"line":46,"column":45}},"loc":{"start":{"line":46,"column":67},"end":{"line":61,"column":7}},"line":46}},"branchMap":{"0":{"loc":{"start":{"line":10,"column":50},"end":{"line":10,"column":151}},"type":"if","locations":[{"start":{"line":10,"column":50},"end":{"line":10,"column":151}},{"start":{"line":10,"column":50},"end":{"line":10,"column":151}}],"line":10},"1":{"loc":{"start":{"line":12,"column":136},"end":{"line":12,"column":166}},"type":"binary-expr","locations":[{"start":{"line":12,"column":136},"end":{"line":12,"column":157}},{"start":{"line":12,"column":161},"end":{"line":12,"column":166}}],"line":12},"2":{"loc":{"start":{"line":12,"column":200},"end":{"line":12,"column":254}},"type":"if","locations":[{"start":{"line":12,"column":200},"end":{"line":12,"column":254}},{"start":{"line":12,"column":200},"end":{"line":12,"column":254}}],"line":12},"3":{"loc":{"start":{"line":14,"column":62},"end":{"line":14,"column":131}},"type":"if","locations":[{"start":{"line":14,"column":62},"end":{"line":14,"column":131}},{"start":{"line":14,"column":62},"end":{"line":14,"column":131}}],"line":14},"4":{"loc":{"start":{"line":14,"column":132},"end":{"line":14,"column":193}},"type":"if","locations":[{"start":{"line":14,"column":132},"end":{"line":14,"column":193}},{"start":{"line":14,"column":132},"end":{"line":14,"column":193}}],"line":14},"5":{"loc":{"start":{"line":47,"column":8},"end":{"line":47,"column":64}},"type":"if","locations":[{"start":{"line":47,"column":8},"end":{"line":47,"column":64}},{"start":{"line":47,"column":8},"end":{"line":47,"column":64}}],"line":47}},"s":{"0":1,"1":1,"2":1,"3":1,"4":0,"5":1,"6":1,"7":1,"8":1,"9":1,"10":1,"11":1,"12":1,"13":1,"14":1,"15":1,"16":0,"17":1,"18":1,"19":1,"20":1,"21":1,"22":1,"23":1,"24":1,"25":1,"26":1,"27":0,"28":1,"29":1,"30":1,"31":1,"32":1},"f":{"0":1,"1":1,"2":1,"3":1,"4":1,"5":1,"6":1},"b":{"0":[0,1],"1":[1,1],"2":[1,0],"3":[1,0],"4":[0,1],"5":[0,1]},"_coverageSchema":"43e27e138ebf9cfc5966b082cf9a028302ed4184","hash":"16bd7060a8070e8f19fe5310896e1e164b72e91b","contentHash":"f262eecb578020d0d5474d6de3f9584539c32f0dacbc93f80aa09319ca5c56e5"},"C:\\Users\\MONDAY\\Documents\\Projects\\javascript_project\\Banka\\src\\controllers\\staffController.js":{"path":"C:\\Users\\MONDAY\\Documents\\Projects\\javascript_project\\Banka\\src\\controllers\\staffController.js","statementMap":{"0":{"start":{"line":3,"column":0},"end":{"line":5,"column":3}},"1":{"start":{"line":6,"column":0},"end":{"line":6,"column":28}},"2":{"start":{"line":8,"column":50},"end":{"line":8,"column":151}},"3":{"start":{"line":8,"column":92},"end":{"line":8,"column":149}},"4":{"start":{"line":10,"column":44},"end":{"line":10,"column":315}},"5":{"start":{"line":10,"column":57},"end":{"line":10,"column":58}},"6":{"start":{"line":10,"column":102},"end":{"line":10,"column":110}},"7":{"start":{"line":10,"column":112},"end":{"line":10,"column":167}},"8":{"start":{"line":10,"column":168},"end":{"line":10,"column":199}},"9":{"start":{"line":10,"column":200},"end":{"line":10,"column":254}},"10":{"start":{"line":10,"column":227},"end":{"line":10,"column":254}},"11":{"start":{"line":10,"column":255},"end":{"line":10,"column":313}},"12":{"start":{"line":12,"column":62},"end":{"line":12,"column":131}},"13":{"start":{"line":12,"column":78},"end":{"line":12,"column":131}},"14":{"start":{"line":12,"column":132},"end":{"line":12,"column":193}},"15":{"start":{"line":12,"column":149},"end":{"line":12,"column":193}},"16":{"start":{"line":12,"column":194},"end":{"line":12,"column":213}},"17":{"start":{"line":20,"column":0},"end":{"line":108,"column":3}},"18":{"start":{"line":27,"column":4},"end":{"line":27,"column":43}},"19":{"start":{"line":29,"column":4},"end":{"line":29,"column":23}},"20":{"start":{"line":30,"column":4},"end":{"line":30,"column":59}},"21":{"start":{"line":31,"column":4},"end":{"line":31,"column":55}},"22":{"start":{"line":34,"column":2},"end":{"line":105,"column":6}},"23":{"start":{"line":37,"column":18},"end":{"line":37,"column":22}},"24":{"start":{"line":39,"column":6},"end":{"line":39,"column":72}},"25":{"start":{"line":40,"column":6},"end":{"line":74,"column":9}},"26":{"start":{"line":43,"column":8},"end":{"line":43,"column":56}},"27":{"start":{"line":43,"column":17},"end":{"line":43,"column":56}},"28":{"start":{"line":45,"column":8},"end":{"line":50,"column":9}},"29":{"start":{"line":46,"column":10},"end":{"line":49,"column":13}},"30":{"start":{"line":52,"column":8},"end":{"line":57,"column":9}},"31":{"start":{"line":53,"column":10},"end":{"line":56,"column":13}},"32":{"start":{"line":59,"column":8},"end":{"line":73,"column":11}},"33":{"start":{"line":62,"column":10},"end":{"line":62,"column":62}},"34":{"start":{"line":62,"column":18},"end":{"line":62,"column":62}},"35":{"start":{"line":63,"column":24},"end":{"line":63,"column":127}},"36":{"start":{"line":64,"column":25},"end":{"line":71,"column":11}},"37":{"start":{"line":72,"column":10},"end":{"line":72,"column":41}},"38":{"start":{"line":79,"column":19},"end":{"line":79,"column":23}},"39":{"start":{"line":81,"column":6},"end":{"line":81,"column":72}},"40":{"start":{"line":82,"column":6},"end":{"line":103,"column":9}},"41":{"start":{"line":85,"column":8},"end":{"line":85,"column":56}},"42":{"start":{"line":85,"column":17},"end":{"line":85,"column":56}},"43":{"start":{"line":87,"column":8},"end":{"line":92,"column":9}},"44":{"start":{"line":88,"column":10},"end":{"line":91,"column":13}},"45":{"start":{"line":94,"column":8},"end":{"line":102,"column":11}},"46":{"start":{"line":97,"column":25},"end":{"line":100,"column":11}},"47":{"start":{"line":101,"column":10},"end":{"line":101,"column":41}},"48":{"start":{"line":107,"column":2},"end":{"line":107,"column":25}},"49":{"start":{"line":110,"column":15},"end":{"line":110,"column":30}},"50":{"start":{"line":111,"column":0},"end":{"line":111,"column":30}}},"fnMap":{"0":{"name":"_classCallCheck","decl":{"start":{"line":8,"column":9},"end":{"line":8,"column":24}},"loc":{"start":{"line":8,"column":48},"end":{"line":8,"column":153}},"line":8},"1":{"name":"_defineProperties","decl":{"start":{"line":10,"column":9},"end":{"line":10,"column":26}},"loc":{"start":{"line":10,"column":42},"end":{"line":10,"column":317}},"line":10},"2":{"name":"_createClass","decl":{"start":{"line":12,"column":9},"end":{"line":12,"column":21}},"loc":{"start":{"line":12,"column":60},"end":{"line":12,"column":215}},"line":12},"3":{"name":"(anonymous_3)","decl":{"start":{"line":20,"column":0},"end":{"line":20,"column":1}},"loc":{"start":{"line":20,"column":12},"end":{"line":108,"column":1}},"line":20},"4":{"name":"StaffController","decl":{"start":{"line":26,"column":11},"end":{"line":26,"column":26}},"loc":{"start":{"line":26,"column":34},"end":{"line":32,"column":3}},"line":26},"5":{"name":"actDeactAccount","decl":{"start":{"line":36,"column":20},"end":{"line":36,"column":35}},"loc":{"start":{"line":36,"column":46},"end":{"line":75,"column":5}},"line":36},"6":{"name":"(anonymous_6)","decl":{"start":{"line":42,"column":9},"end":{"line":42,"column":10}},"loc":{"start":{"line":42,"column":32},"end":{"line":74,"column":7}},"line":42},"7":{"name":"(anonymous_7)","decl":{"start":{"line":61,"column":21},"end":{"line":61,"column":22}},"loc":{"start":{"line":61,"column":44},"end":{"line":73,"column":9}},"line":61},"8":{"name":"deleteAccount","decl":{"start":{"line":78,"column":20},"end":{"line":78,"column":33}},"loc":{"start":{"line":78,"column":44},"end":{"line":104,"column":5}},"line":78},"9":{"name":"(anonymous_9)","decl":{"start":{"line":84,"column":9},"end":{"line":84,"column":10}},"loc":{"start":{"line":84,"column":32},"end":{"line":103,"column":7}},"line":84},"10":{"name":"(anonymous_10)","decl":{"start":{"line":96,"column":11},"end":{"line":96,"column":12}},"loc":{"start":{"line":96,"column":34},"end":{"line":102,"column":9}},"line":96}},"branchMap":{"0":{"loc":{"start":{"line":8,"column":50},"end":{"line":8,"column":151}},"type":"if","locations":[{"start":{"line":8,"column":50},"end":{"line":8,"column":151}},{"start":{"line":8,"column":50},"end":{"line":8,"column":151}}],"line":8},"1":{"loc":{"start":{"line":10,"column":136},"end":{"line":10,"column":166}},"type":"binary-expr","locations":[{"start":{"line":10,"column":136},"end":{"line":10,"column":157}},{"start":{"line":10,"column":161},"end":{"line":10,"column":166}}],"line":10},"2":{"loc":{"start":{"line":10,"column":200},"end":{"line":10,"column":254}},"type":"if","locations":[{"start":{"line":10,"column":200},"end":{"line":10,"column":254}},{"start":{"line":10,"column":200},"end":{"line":10,"column":254}}],"line":10},"3":{"loc":{"start":{"line":12,"column":62},"end":{"line":12,"column":131}},"type":"if","locations":[{"start":{"line":12,"column":62},"end":{"line":12,"column":131}},{"start":{"line":12,"column":62},"end":{"line":12,"column":131}}],"line":12},"4":{"loc":{"start":{"line":12,"column":132},"end":{"line":12,"column":193}},"type":"if","locations":[{"start":{"line":12,"column":132},"end":{"line":12,"column":193}},{"start":{"line":12,"column":132},"end":{"line":12,"column":193}}],"line":12},"5":{"loc":{"start":{"line":43,"column":8},"end":{"line":43,"column":56}},"type":"if","locations":[{"start":{"line":43,"column":8},"end":{"line":43,"column":56}},{"start":{"line":43,"column":8},"end":{"line":43,"column":56}}],"line":43},"6":{"loc":{"start":{"line":45,"column":8},"end":{"line":50,"column":9}},"type":"if","locations":[{"start":{"line":45,"column":8},"end":{"line":50,"column":9}},{"start":{"line":45,"column":8},"end":{"line":50,"column":9}}],"line":45},"7":{"loc":{"start":{"line":52,"column":8},"end":{"line":57,"column":9}},"type":"if","locations":[{"start":{"line":52,"column":8},"end":{"line":57,"column":9}},{"start":{"line":52,"column":8},"end":{"line":57,"column":9}}],"line":52},"8":{"loc":{"start":{"line":62,"column":10},"end":{"line":62,"column":62}},"type":"if","locations":[{"start":{"line":62,"column":10},"end":{"line":62,"column":62}},{"start":{"line":62,"column":10},"end":{"line":62,"column":62}}],"line":62},"9":{"loc":{"start":{"line":63,"column":24},"end":{"line":63,"column":127}},"type":"cond-expr","locations":[{"start":{"line":63,"column":58},"end":{"line":63,"column":92}},{"start":{"line":63,"column":95},"end":{"line":63,"column":127}}],"line":63},"10":{"loc":{"start":{"line":85,"column":8},"end":{"line":85,"column":56}},"type":"if","locations":[{"start":{"line":85,"column":8},"end":{"line":85,"column":56}},{"start":{"line":85,"column":8},"end":{"line":85,"column":56}}],"line":85},"11":{"loc":{"start":{"line":87,"column":8},"end":{"line":92,"column":9}},"type":"if","locations":[{"start":{"line":87,"column":8},"end":{"line":92,"column":9}},{"start":{"line":87,"column":8},"end":{"line":92,"column":9}}],"line":87}},"s":{"0":1,"1":1,"2":2,"3":0,"4":1,"5":1,"6":2,"7":2,"8":2,"9":2,"10":2,"11":2,"12":1,"13":1,"14":1,"15":0,"16":1,"17":1,"18":2,"19":2,"20":2,"21":2,"22":1,"23":10,"24":10,"25":10,"26":10,"27":0,"28":10,"29":2,"30":8,"31":4,"32":4,"33":4,"34":0,"35":4,"36":4,"37":4,"38":2,"39":2,"40":2,"41":2,"42":0,"43":2,"44":1,"45":1,"46":1,"47":1,"48":1,"49":1,"50":1},"f":{"0":2,"1":1,"2":1,"3":1,"4":2,"5":10,"6":10,"7":4,"8":2,"9":2,"10":1},"b":{"0":[0,2],"1":[2,2],"2":[2,0],"3":[1,0],"4":[0,1],"5":[0,10],"6":[2,8],"7":[4,4],"8":[0,4],"9":[2,2],"10":[0,2],"11":[1,1]},"_coverageSchema":"43e27e138ebf9cfc5966b082cf9a028302ed4184","hash":"322047ce3683da17473a4f6e8480a20886aedb52","contentHash":"b092fce869d62fc30a17aad495855ca72b544eb43478237f35b38f6f55be9b98"},"C:\\Users\\MONDAY\\Documents\\Projects\\javascript_project\\Banka\\src\\controllers\\adminController.js":{"path":"C:\\Users\\MONDAY\\Documents\\Projects\\javascript_project\\Banka\\src\\controllers\\adminController.js","statementMap":{"0":{"start":{"line":3,"column":0},"end":{"line":5,"column":3}},"1":{"start":{"line":6,"column":0},"end":{"line":6,"column":28}},"2":{"start":{"line":8,"column":50},"end":{"line":8,"column":151}},"3":{"start":{"line":8,"column":92},"end":{"line":8,"column":149}},"4":{"start":{"line":20,"column":0},"end":{"line":24,"column":1}},"5":{"start":{"line":21,"column":2},"end":{"line":21,"column":41}},"6":{"start":{"line":23,"column":2},"end":{"line":23,"column":21}},"7":{"start":{"line":26,"column":15},"end":{"line":26,"column":30}},"8":{"start":{"line":27,"column":0},"end":{"line":27,"column":30}}},"fnMap":{"0":{"name":"_classCallCheck","decl":{"start":{"line":8,"column":9},"end":{"line":8,"column":24}},"loc":{"start":{"line":8,"column":48},"end":{"line":8,"column":153}},"line":8},"1":{"name":"StaffController","decl":{"start":{"line":20,"column":9},"end":{"line":20,"column":24}},"loc":{"start":{"line":20,"column":32},"end":{"line":24,"column":1}},"line":20}},"branchMap":{"0":{"loc":{"start":{"line":8,"column":50},"end":{"line":8,"column":151}},"type":"if","locations":[{"start":{"line":8,"column":50},"end":{"line":8,"column":151}},{"start":{"line":8,"column":50},"end":{"line":8,"column":151}}],"line":8}},"s":{"0":1,"1":1,"2":1,"3":0,"4":1,"5":1,"6":1,"7":1,"8":1},"f":{"0":1,"1":1},"b":{"0":[0,1]},"_coverageSchema":"43e27e138ebf9cfc5966b082cf9a028302ed4184","hash":"1a4a6f70068ea98a9dcc51dfd344e9be7151bb1a","contentHash":"8c31228a05073617dc30589b04b2f5ab5879b2ef3974d2cb7a2b3ae8b7ad57a9"},"C:\\Users\\MONDAY\\Documents\\Projects\\javascript_project\\Banka\\src\\routes\\userRoute.js":{"path":"C:\\Users\\MONDAY\\Documents\\Projects\\javascript_project\\Banka\\src\\routes\\userRoute.js","statementMap":{"0":{"start":{"line":3,"column":0},"end":{"line":5,"column":3}},"1":{"start":{"line":6,"column":0},"end":{"line":6,"column":28}},"2":{"start":{"line":8,"column":19},"end":{"line":8,"column":68}},"3":{"start":{"line":10,"column":12},"end":{"line":10,"column":30}},"4":{"start":{"line":12,"column":39},"end":{"line":12,"column":95}},"5":{"start":{"line":14,"column":50},"end":{"line":14,"column":151}},"6":{"start":{"line":14,"column":92},"end":{"line":14,"column":149}},"7":{"start":{"line":16,"column":44},"end":{"line":16,"column":315}},"8":{"start":{"line":16,"column":57},"end":{"line":16,"column":58}},"9":{"start":{"line":16,"column":102},"end":{"line":16,"column":110}},"10":{"start":{"line":16,"column":112},"end":{"line":16,"column":167}},"11":{"start":{"line":16,"column":168},"end":{"line":16,"column":199}},"12":{"start":{"line":16,"column":200},"end":{"line":16,"column":254}},"13":{"start":{"line":16,"column":227},"end":{"line":16,"column":254}},"14":{"start":{"line":16,"column":255},"end":{"line":16,"column":313}},"15":{"start":{"line":18,"column":62},"end":{"line":18,"column":131}},"16":{"start":{"line":18,"column":78},"end":{"line":18,"column":131}},"17":{"start":{"line":18,"column":132},"end":{"line":18,"column":193}},"18":{"start":{"line":18,"column":149},"end":{"line":18,"column":193}},"19":{"start":{"line":18,"column":194},"end":{"line":18,"column":213}},"20":{"start":{"line":26,"column":0},"end":{"line":53,"column":3}},"21":{"start":{"line":34,"column":4},"end":{"line":34,"column":38}},"22":{"start":{"line":36,"column":4},"end":{"line":36,"column":25}},"23":{"start":{"line":37,"column":4},"end":{"line":37,"column":76}},"24":{"start":{"line":44,"column":2},"end":{"line":50,"column":6}},"25":{"start":{"line":47,"column":6},"end":{"line":47,"column":98}},"26":{"start":{"line":48,"column":6},"end":{"line":48,"column":25}},"27":{"start":{"line":52,"column":2},"end":{"line":52,"column":20}},"28":{"start":{"line":55,"column":0},"end":{"line":55,"column":32}}},"fnMap":{"0":{"name":"_interopRequireDefault","decl":{"start":{"line":12,"column":9},"end":{"line":12,"column":31}},"loc":{"start":{"line":12,"column":37},"end":{"line":12,"column":97}},"line":12},"1":{"name":"_classCallCheck","decl":{"start":{"line":14,"column":9},"end":{"line":14,"column":24}},"loc":{"start":{"line":14,"column":48},"end":{"line":14,"column":153}},"line":14},"2":{"name":"_defineProperties","decl":{"start":{"line":16,"column":9},"end":{"line":16,"column":26}},"loc":{"start":{"line":16,"column":42},"end":{"line":16,"column":317}},"line":16},"3":{"name":"_createClass","decl":{"start":{"line":18,"column":9},"end":{"line":18,"column":21}},"loc":{"start":{"line":18,"column":60},"end":{"line":18,"column":215}},"line":18},"4":{"name":"(anonymous_4)","decl":{"start":{"line":26,"column":0},"end":{"line":26,"column":1}},"loc":{"start":{"line":26,"column":12},"end":{"line":53,"column":1}},"line":26},"5":{"name":"UserRouter","decl":{"start":{"line":33,"column":11},"end":{"line":33,"column":21}},"loc":{"start":{"line":33,"column":37},"end":{"line":38,"column":3}},"line":33},"6":{"name":"route","decl":{"start":{"line":46,"column":20},"end":{"line":46,"column":25}},"loc":{"start":{"line":46,"column":28},"end":{"line":49,"column":5}},"line":46}},"branchMap":{"0":{"loc":{"start":{"line":12,"column":46},"end":{"line":12,"column":94}},"type":"cond-expr","locations":[{"start":{"line":12,"column":70},"end":{"line":12,"column":73}},{"start":{"line":12,"column":76},"end":{"line":12,"column":94}}],"line":12},"1":{"loc":{"start":{"line":12,"column":46},"end":{"line":12,"column":67}},"type":"binary-expr","locations":[{"start":{"line":12,"column":46},"end":{"line":12,"column":49}},{"start":{"line":12,"column":53},"end":{"line":12,"column":67}}],"line":12},"2":{"loc":{"start":{"line":14,"column":50},"end":{"line":14,"column":151}},"type":"if","locations":[{"start":{"line":14,"column":50},"end":{"line":14,"column":151}},{"start":{"line":14,"column":50},"end":{"line":14,"column":151}}],"line":14},"3":{"loc":{"start":{"line":16,"column":136},"end":{"line":16,"column":166}},"type":"binary-expr","locations":[{"start":{"line":16,"column":136},"end":{"line":16,"column":157}},{"start":{"line":16,"column":161},"end":{"line":16,"column":166}}],"line":16},"4":{"loc":{"start":{"line":16,"column":200},"end":{"line":16,"column":254}},"type":"if","locations":[{"start":{"line":16,"column":200},"end":{"line":16,"column":254}},{"start":{"line":16,"column":200},"end":{"line":16,"column":254}}],"line":16},"5":{"loc":{"start":{"line":18,"column":62},"end":{"line":18,"column":131}},"type":"if","locations":[{"start":{"line":18,"column":62},"end":{"line":18,"column":131}},{"start":{"line":18,"column":62},"end":{"line":18,"column":131}}],"line":18},"6":{"loc":{"start":{"line":18,"column":132},"end":{"line":18,"column":193}},"type":"if","locations":[{"start":{"line":18,"column":132},"end":{"line":18,"column":193}},{"start":{"line":18,"column":132},"end":{"line":18,"column":193}}],"line":18}},"s":{"0":1,"1":1,"2":1,"3":1,"4":1,"5":1,"6":0,"7":1,"8":1,"9":1,"10":1,"11":1,"12":1,"13":1,"14":1,"15":1,"16":1,"17":1,"18":0,"19":1,"20":1,"21":1,"22":1,"23":1,"24":1,"25":1,"26":1,"27":1,"28":1},"f":{"0":1,"1":1,"2":1,"3":1,"4":1,"5":1,"6":1},"b":{"0":[1,0],"1":[1,1],"2":[0,1],"3":[1,1],"4":[1,0],"5":[1,0],"6":[0,1]},"_coverageSchema":"43e27e138ebf9cfc5966b082cf9a028302ed4184","hash":"2849722fc361e97bdf50407acd274613619c4c86","contentHash":"91f22ee0eeb9a895b5012f72777173133d4d4555ac1d61db16c1f0fcddfcc984"},"C:\\Users\\MONDAY\\Documents\\Projects\\javascript_project\\Banka\\src\\routes\\staffRoute.js":{"path":"C:\\Users\\MONDAY\\Documents\\Projects\\javascript_project\\Banka\\src\\routes\\staffRoute.js","statementMap":{"0":{"start":{"line":3,"column":0},"end":{"line":5,"column":3}},"1":{"start":{"line":6,"column":0},"end":{"line":6,"column":28}},"2":{"start":{"line":8,"column":19},"end":{"line":8,"column":68}},"3":{"start":{"line":10,"column":12},"end":{"line":10,"column":30}},"4":{"start":{"line":12,"column":39},"end":{"line":12,"column":95}},"5":{"start":{"line":14,"column":50},"end":{"line":14,"column":151}},"6":{"start":{"line":14,"column":92},"end":{"line":14,"column":149}},"7":{"start":{"line":16,"column":44},"end":{"line":16,"column":315}},"8":{"start":{"line":16,"column":57},"end":{"line":16,"column":58}},"9":{"start":{"line":16,"column":102},"end":{"line":16,"column":110}},"10":{"start":{"line":16,"column":112},"end":{"line":16,"column":167}},"11":{"start":{"line":16,"column":168},"end":{"line":16,"column":199}},"12":{"start":{"line":16,"column":200},"end":{"line":16,"column":254}},"13":{"start":{"line":16,"column":227},"end":{"line":16,"column":254}},"14":{"start":{"line":16,"column":255},"end":{"line":16,"column":313}},"15":{"start":{"line":18,"column":62},"end":{"line":18,"column":131}},"16":{"start":{"line":18,"column":78},"end":{"line":18,"column":131}},"17":{"start":{"line":18,"column":132},"end":{"line":18,"column":193}},"18":{"start":{"line":18,"column":149},"end":{"line":18,"column":193}},"19":{"start":{"line":18,"column":194},"end":{"line":18,"column":213}},"20":{"start":{"line":26,"column":0},"end":{"line":73,"column":3}},"21":{"start":{"line":34,"column":4},"end":{"line":34,"column":39}},"22":{"start":{"line":36,"column":4},"end":{"line":36,"column":25}},"23":{"start":{"line":37,"column":4},"end":{"line":37,"column":23}},"24":{"start":{"line":38,"column":4},"end":{"line":38,"column":78}},"25":{"start":{"line":39,"column":4},"end":{"line":39,"column":57}},"26":{"start":{"line":46,"column":2},"end":{"line":70,"column":6}},"27":{"start":{"line":49,"column":6},"end":{"line":49,"column":142}},"28":{"start":{"line":50,"column":6},"end":{"line":50,"column":144}},"29":{"start":{"line":51,"column":6},"end":{"line":51,"column":25}},"30":{"start":{"line":56,"column":6},"end":{"line":56,"column":48}},"31":{"start":{"line":57,"column":6},"end":{"line":68,"column":9}},"32":{"start":{"line":60,"column":8},"end":{"line":65,"column":9}},"33":{"start":{"line":61,"column":10},"end":{"line":64,"column":13}},"34":{"start":{"line":67,"column":8},"end":{"line":67,"column":15}},"35":{"start":{"line":72,"column":2},"end":{"line":72,"column":21}},"36":{"start":{"line":75,"column":0},"end":{"line":75,"column":33}}},"fnMap":{"0":{"name":"_interopRequireDefault","decl":{"start":{"line":12,"column":9},"end":{"line":12,"column":31}},"loc":{"start":{"line":12,"column":37},"end":{"line":12,"column":97}},"line":12},"1":{"name":"_classCallCheck","decl":{"start":{"line":14,"column":9},"end":{"line":14,"column":24}},"loc":{"start":{"line":14,"column":48},"end":{"line":14,"column":153}},"line":14},"2":{"name":"_defineProperties","decl":{"start":{"line":16,"column":9},"end":{"line":16,"column":26}},"loc":{"start":{"line":16,"column":42},"end":{"line":16,"column":317}},"line":16},"3":{"name":"_createClass","decl":{"start":{"line":18,"column":9},"end":{"line":18,"column":21}},"loc":{"start":{"line":18,"column":60},"end":{"line":18,"column":215}},"line":18},"4":{"name":"(anonymous_4)","decl":{"start":{"line":26,"column":0},"end":{"line":26,"column":1}},"loc":{"start":{"line":26,"column":12},"end":{"line":73,"column":1}},"line":26},"5":{"name":"StaffRouter","decl":{"start":{"line":33,"column":11},"end":{"line":33,"column":22}},"loc":{"start":{"line":33,"column":38},"end":{"line":40,"column":3}},"line":33},"6":{"name":"route","decl":{"start":{"line":48,"column":20},"end":{"line":48,"column":25}},"loc":{"start":{"line":48,"column":28},"end":{"line":52,"column":5}},"line":48},"7":{"name":"_verifyIfStaff","decl":{"start":{"line":55,"column":20},"end":{"line":55,"column":34}},"loc":{"start":{"line":55,"column":51},"end":{"line":69,"column":5}},"line":55},"8":{"name":"(anonymous_8)","decl":{"start":{"line":59,"column":9},"end":{"line":59,"column":10}},"loc":{"start":{"line":59,"column":32},"end":{"line":68,"column":7}},"line":59}},"branchMap":{"0":{"loc":{"start":{"line":12,"column":46},"end":{"line":12,"column":94}},"type":"cond-expr","locati
[...]
":10},"end":{"line":101,"column":17}},"61":{"start":{"line":106,"column":2},"end":{"line":132,"column":5}},"62":{"start":{"line":107,"column":4},"end":{"line":131,"column":7}},"63":{"start":{"line":108,"column":17},"end":{"line":111,"column":7}},"64":{"start":{"line":113,"column":6},"end":{"line":130,"column":9}},"65":{"start":{"line":114,"column":8},"end":{"line":114,"column":59}},"66":{"start":{"line":115,"column":8},"end":{"line":115,"column":54}},"67":{"start":{"line":116,"column":30},"end":{"line":116,"column":43}},"68":{"start":{"line":117,"column":20},"end":{"line":117,"column":41}},"69":{"start":{"line":118,"column":18},"end":{"line":118,"column":37}},"70":{"start":{"line":119,"column":20},"end":{"line":121,"column":9}},"71":{"start":{"line":123,"column":8},"end":{"line":129,"column":11}},"72":{"start":{"line":124,"column":10},"end":{"line":124,"column":43}},"73":{"start":{"line":125,"column":10},"end":{"line":125,"column":41}},"74":{"start":{"line":126,"column":10},"end":{"line":126,"column":64}},"75":{"start":{"line":127,"column":10},"end":{"line":127,"column":52}},"76":{"start":{"line":128,"column":10},"end":{"line":128,"column":17}},"77":{"start":{"line":133,"column":2},"end":{"line":159,"column":5}},"78":{"start":{"line":134,"column":4},"end":{"line":158,"column":7}},"79":{"start":{"line":135,"column":17},"end":{"line":138,"column":7}},"80":{"start":{"line":140,"column":6},"end":{"line":157,"column":9}},"81":{"start":{"line":141,"column":8},"end":{"line":141,"column":59}},"82":{"start":{"line":142,"column":8},"end":{"line":142,"column":54}},"83":{"start":{"line":143,"column":30},"end":{"line":143,"column":43}},"84":{"start":{"line":144,"column":20},"end":{"line":144,"column":41}},"85":{"start":{"line":145,"column":18},"end":{"line":145,"column":37}},"86":{"start":{"line":146,"column":20},"end":{"line":148,"column":9}},"87":{"start":{"line":150,"column":8},"end":{"line":156,"column":11}},"88":{"start":{"line":151,"column":10},"end":{"line":151,"column":43}},"89":{"start":{"line":152,"column":10},"end":{"line":152,"column":41}},"90":{"start":{"line":153,"column":10},"end":{"line":153,"column":64}},"91":{"start":{"line":154,"column":10},"end":{"line":154,"column":52}},"92":{"start":{"line":155,"column":10},"end":{"line":155,"column":17}},"93":{"start":{"line":160,"column":2},"end":{"line":186,"column":5}},"94":{"start":{"line":161,"column":4},"end":{"line":185,"column":7}},"95":{"start":{"line":162,"column":17},"end":{"line":165,"column":7}},"96":{"start":{"line":167,"column":6},"end":{"line":184,"column":9}},"97":{"start":{"line":168,"column":8},"end":{"line":168,"column":59}},"98":{"start":{"line":169,"column":8},"end":{"line":169,"column":54}},"99":{"start":{"line":170,"column":30},"end":{"line":170,"column":43}},"100":{"start":{"line":171,"column":20},"end":{"line":171,"column":41}},"101":{"start":{"line":172,"column":18},"end":{"line":172,"column":37}},"102":{"start":{"line":173,"column":20},"end":{"line":175,"column":9}},"103":{"start":{"line":177,"column":8},"end":{"line":183,"column":11}},"104":{"start":{"line":178,"column":10},"end":{"line":178,"column":43}},"105":{"start":{"line":179,"column":10},"end":{"line":179,"column":41}},"106":{"start":{"line":180,"column":10},"end":{"line":180,"column":64}},"107":{"start":{"line":181,"column":10},"end":{"line":181,"column":52}},"108":{"start":{"line":182,"column":10},"end":{"line":182,"column":17}},"109":{"start":{"line":187,"column":2},"end":{"line":202,"column":5}},"110":{"start":{"line":188,"column":4},"end":{"line":201,"column":7}},"111":{"start":{"line":189,"column":17},"end":{"line":191,"column":7}},"112":{"start":{"line":192,"column":16},"end":{"line":192,"column":30}},"113":{"start":{"line":194,"column":6},"end":{"line":200,"column":9}},"114":{"start":{"line":195,"column":8},"end":{"line":195,"column":40}},"115":{"start":{"line":196,"column":8},"end":{"line":196,"column":38}},"116":{"start":{"line":197,"column":8},"end":{"line":197,"column":61}},"117":{"start":{"line":198,"column":8},"end":{"line":198,"column":49}},"118":{"start":{"line":199,"column":8},"end":{"line":199,"column":15}}},"fnMap":{"0":{"name":"_interopRequireDefault","decl":{"start":{"line":9,"column":9},"end":{"line":9,"column":31}},"loc":{"start":{"line":9,"column":37},"end":{"line":9,"column":97}},"line":9},"1":{"name":"(anonymous_1)","decl":{"start":{"line":18,"column":63},"end":{"line":18,"column":64}},"loc":{"start":{"line":18,"column":75},"end":{"line":203,"column":1}},"line":18},"2":{"name":"(anonymous_2)","decl":{"start":{"line":19,"column":62},"end":{"line":19,"column":63}},"loc":{"start":{"line":19,"column":74},"end":{"line":48,"column":3}},"line":19},"3":{"name":"(anonymous_3)","decl":{"start":{"line":20,"column":104},"end":{"line":20,"column":105}},"loc":{"start":{"line":20,"column":120},"end":{"line":47,"column":5}},"line":20},"4":{"name":"(anonymous_4)","decl":{"start":{"line":26,"column":94},"end":{"line":26,"column":95}},"loc":{"start":{"line":26,"column":114},"end":{"line":46,"column":7}},"line":26},"5":{"name":"(anonymous_5)","decl":{"start":{"line":36,"column":156},"end":{"line":36,"column":157}},"loc":{"start":{"line":36,"column":176},"end":{"line":45,"column":9}},"line":36},"6":{"name":"(anonymous_6)","decl":{"start":{"line":49,"column":62},"end":{"line":49,"column":63}},"loc":{"start":{"line":49,"column":74},"end":{"line":75,"column":3}},"line":49},"7":{"name":"(anonymous_7)","decl":{"start":{"line":50,"column":70},"end":{"line":50,"column":71}},"loc":{"start":{"line":50,"column":86},"end":{"line":74,"column":5}},"line":50},"8":{"name":"(anonymous_8)","decl":{"start":{"line":56,"column":94},"end":{"line":56,"column":95}},"loc":{"start":{"line":56,"column":114},"end":{"line":73,"column":7}},"line":56},"9":{"name":"(anonymous_9)","decl":{"start":{"line":66,"column":156},"end":{"line":66,"column":157}},"loc":{"start":{"line":66,"column":176},"end":{"line":72,"column":9}},"line":66},"10":{"name":"(anonymous_10)","decl":{"start":{"line":76,"column":62},"end":{"line":76,"column":63}},"loc":{"start":{"line":76,"column":74},"end":{"line":105,"column":3}},"line":76},"11":{"name":"(anonymous_11)","decl":{"start":{"line":77,"column":104},"end":{"line":77,"column":105}},"loc":{"start":{"line":77,"column":120},"end":{"line":104,"column":5}},"line":77},"12":{"name":"(anonymous_12)","decl":{"start":{"line":83,"column":94},"end":{"line":83,"column":95}},"loc":{"start":{"line":83,"column":114},"end":{"line":103,"column":7}},"line":83},"13":{"name":"(anonymous_13)","decl":{"start":{"line":93,"column":156},"end":{"line":93,"column":157}},"loc":{"start":{"line":93,"column":176},"end":{"line":102,"column":9}},"line":93},"14":{"name":"(anonymous_14)","decl":{"start":{"line":106,"column":62},"end":{"line":106,"column":63}},"loc":{"start":{"line":106,"column":74},"end":{"line":132,"column":3}},"line":106},"15":{"name":"(anonymous_15)","decl":{"start":{"line":107,"column":71},"end":{"line":107,"column":72}},"loc":{"start":{"line":107,"column":87},"end":{"line":131,"column":5}},"line":107},"16":{"name":"(anonymous_16)","decl":{"start":{"line":113,"column":94},"end":{"line":113,"column":95}},"loc":{"start":{"line":113,"column":114},"end":{"line":130,"column":7}},"line":113},"17":{"name":"(anonymous_17)","decl":{"start":{"line":123,"column":156},"end":{"line":123,"column":157}},"loc":{"start":{"line":123,"column":176},"end":{"line":129,"column":9}},"line":123},"18":{"name":"(anonymous_18)","decl":{"start":{"line":133,"column":62},"end":{"line":133,"column":63}},"loc":{"start":{"line":133,"column":74},"end":{"line":159,"column":3}},"line":133},"19":{"name":"(anonymous_19)","decl":{"start":{"line":134,"column":73},"end":{"line":134,"column":74}},"loc":{"start":{"line":134,"column":89},"end":{"line":158,"column":5}},"line":134},"20":{"name":"(anonymous_20)","decl":{"start":{"line":140,"column":94},"end":{"line":140,"column":95}},"loc":{"start":{"line":140,"column":114},"end":{"line":157,"column":7}},"line":140},"21":{"name":"(anonymous_21)","decl":{"start":{"line":150,"column":155},"end":{"line":150,"column":156}},"loc":{"start":{"line":150,"column":175},"end":{"line":156,"column":9}},"line":150},"22":{"name":"(anonymous_22)","decl":{"start":{"line":160,"column":62},"end":{"line":160,"column":63}},"loc":{"start":{"line":160,"column":74},"end":{"line":186,"column":3}},"line":160},"23":{"name":"(anonymous_23)","decl":{"start":{"line":161,"column":62},"end":{"line":161,"column":63}},"loc":{"start":{"line":161,"column":78},"end":{"line":185,"column":5}},"line":161},"24":{"name":"(anonymous_24)","decl":{"start":{"line":167,"column":94},"end":{"line":167,"column":95}},"loc":{"start":{"line":167,"column":114},"end":{"line":184,"column":7}},"line":167},"25":{"name":"(anonymous_25)","decl":{"start":{"line":177,"column":155},"end":{"line":177,"column":156}},"loc":{"start":{"line":177,"column":175},"end":{"line":183,"column":9}},"line":177},"26":{"name":"(anonymous_26)","decl":{"start":{"line":187,"column":62},"end":{"line":187,"column":63}},"loc":{"start":{"line":187,"column":74},"end":{"line":202,"column":3}},"line":187},"27":{"name":"(anonymous_27)","decl":{"start":{"line":188,"column":84},"end":{"line":188,"column":85}},"loc":{"start":{"line":188,"column":100},"end":{"line":201,"column":5}},"line":188},"28":{"name":"(anonymous_28)","decl":{"start":{"line":194,"column":380},"end":{"line":194,"column":381}},"loc":{"start":{"line":194,"column":400},"end":{"line":200,"column":7}},"line":194}},"branchMap":{"0":{"loc":{"start":{"line":9,"column":46},"end":{"line":9,"column":94}},"type":"cond-expr","locations":[{"start":{"line":9,"column":70},"end":{"line":9,"column":73}},{"start":{"line":9,"column":76},"end":{"line":9,"column":94}}],"line":9},"1":{"loc":{"start":{"line":9,"column":46},"end":{"line":9,"column":67}},"type":"binary-expr","locations":[{"start":{"line":9,"column":46},"end":{"line":9,"column":49}},{"start":{"line":9,"column":53},"end":{"line":9,"column":67}}],"line":9}},"s":{"0":1,"1":1,"2":1,"3":3,"4":1,"5":1,"6":1,"7":1,"8":1,"9":1,"10":1,"11":1,"12":1,"13":1,"14":1,"15":1,"16":1,"17":1,"18":1,"19":1,"20":1,"21":1,"22":1,"23":1,"24":1,"25":1,"26":1,"27":1,"28":1,"29":1,"30":1,"31":1,"32":1,"33":1,"34":1,"35":1,"36":1,"37":1,"38":1,"39":1,"40":1,"41":1,"42":1,"43":1,"44":1,"45":1,"46":1,"47":1,"48":1,"49":1,"50":1,"51":1,"52":1,"53":1,"54":1,"55":1,"56":1,"57":1,"58":1,"59":1,"60":1,"61":1,"62":1,"63":1,"64":1,"65":1,"66":1,"67":1,"68":1,"69":1,"70":1,"71":1,"72":1,"73":1,"74":1,"75":1,"76":1,"77":1,"78":1,"79":1,"80":1,"81":1,"82":1,"83":1,"84":1,"85":1,"86":1,"87":1,"88":1,"89":1,"90":1,"91":1,"92":1,"93":1,"94":1,"95":1,"96":1,"97":1,"98":1,"99":1,"100":1,"101":1,"102":1,"103":1,"104":1,"105":1,"106":1,"107":1,"108":1,"109":1,"110":1,"111":1,"112":1,"113":1,"114":1,"115":1,"116":1,"117":1,"118":1},"f":{"0":3,"1":1,"2":1,"3":1,"4":1,"5":1,"6":1,"7":1,"8":1,"9":1,"10":1,"11":1,"12":1,"13":1,"14":1,"15":1,"16":1,"17":1,"18":1,"19":1,"20":1,"21":1,"22":1,"23":1,"24":1,"25":1,"26":1,"27":1,"28":1},"b":{"0":[1,2],"1":[3,3]},"_coverageSchema":"43e27e138ebf9cfc5966b082cf9a028302ed4184","hash":"7af4eab2d5e784d426420f39fef42ed23701ae78","contentHash":"3321521563e80d5b65f0a26e0fb0383f48f26ea33c05ac9eddb70b5df2c6183d"},"C:\\Users\\MONDAY\\Documents\\Projects\\javascript_project\\Banka\\test\\homeAPI_test\\staff-deleteAcct_test.js":{"path":"C:\\Users\\MONDAY\\Documents\\Projects\\javascript_project\\Banka\\test\\homeAPI_test\\staff-deleteAcct_test.js","statementMap":{"0":{"start":{"line":3,"column":12},"end":{"line":3,"column":51}},"1":{"start":{"line":5,"column":16},"end":{"line":5,"column":60}},"2":{"start":{"line":7,"column":14},"end":{"line":7,"column":61}},"3":{"start":{"line":9,"column":39},"end":{"line":9,"column":95}},"4":{"start":{"line":14,"column":13},"end":{"line":14,"column":36}},"5":{"start":{"line":16,"column":0},"end":{"line":16,"column":43}},"6":{"start":{"line":18,"column":0},"end":{"line":104,"column":3}},"7":{"start":{"line":19,"column":2},"end":{"line":42,"column":5}},"8":{"start":{"line":20,"column":4},"end":{"line":41,"column":7}},"9":{"start":{"line":21,"column":17},"end":{"line":24,"column":7}},"10":{"start":{"line":26,"column":6},"end":{"line":40,"column":9}},"11":{"start":{"line":27,"column":8},"end":{"line":27,"column":59}},"12":{"start":{"line":28,"column":8},"end":{"line":28,"column":54}},"13":{"start":{"line":29,"column":29},"end":{"line":29,"column":42}},"14":{"start":{"line":30,"column":20},"end":{"line":30,"column":40}},"15":{"start":{"line":31,"column":18},"end":{"line":31,"column":36}},"16":{"start":{"line":33,"column":8},"end":{"line":39,"column":11}},"17":{"start":{"line":34,"column":10},"end":{"line":34,"column":43}},"18":{"start":{"line":35,"column":10},"end":{"line":35,"column":41}},"19":{"start":{"line":36,"column":10},"end":{"line":36,"column":66}},"20":{"start":{"line":37,"column":10},"end":{"line":37,"column":54}},"21":{"start":{"line":38,"column":10},"end":{"line":38,"column":17}},"22":{"start":{"line":43,"column":2},"end":{"line":66,"column":5}},"23":{"start":{"line":44,"column":4},"end":{"line":65,"column":7}},"24":{"start":{"line":45,"column":17},"end":{"line":48,"column":7}},"25":{"start":{"line":50,"column":6},"end":{"line":64,"column":9}},"26":{"start":{"line":51,"column":8},"end":{"line":51,"column":59}},"27":{"start":{"line":52,"column":8},"end":{"line":52,"column":54}},"28":{"start":{"line":53,"column":30},"end":{"line":53,"column":43}},"29":{"start":{"line":54,"column":20},"end":{"line":54,"column":41}},"30":{"start":{"line":55,"column":18},"end":{"line":55,"column":37}},"31":{"start":{"line":57,"column":8},"end":{"line":63,"column":11}},"32":{"start":{"line":58,"column":10},"end":{"line":58,"column":43}},"33":{"start":{"line":59,"column":10},"end":{"line":59,"column":41}},"34":{"start":{"line":60,"column":10},"end":{"line":60,"column":64}},"35":{"start":{"line":61,"column":10},"end":{"line":61,"column":52}},"36":{"start":{"line":62,"column":10},"end":{"line":62,"column":17}},"37":{"start":{"line":67,"column":2},"end":{"line":90,"column":5}},"38":{"start":{"line":68,"column":4},"end":{"line":89,"column":7}},"39":{"start":{"line":69,"column":17},"end":{"line":72,"column":7}},"40":{"start":{"line":74,"column":6},"end":{"line":88,"column":9}},"41":{"start":{"line":75,"column":8},"end":{"line":75,"column":59}},"42":{"start":{"line":76,"column":8},"end":{"line":76,"column":54}},"43":{"start":{"line":77,"column":30},"end":{"line":77,"column":43}},"44":{"start":{"line":78,"column":20},"end":{"line":78,"column":41}},"45":{"start":{"line":79,"column":18},"end":{"line":79,"column":37}},"46":{"start":{"line":81,"column":8},"end":{"line":87,"column":11}},"47":{"start":{"line":82,"column":10},"end":{"line":82,"column":43}},"48":{"start":{"line":83,"column":10},"end":{"line":83,"column":41}},"49":{"start":{"line":84,"column":10},"end":{"line":84,"column":64}},"50":{"start":{"line":85,"column":10},"end":{"line":85,"column":52}},"51":{"start":{"line":86,"column":10},"end":{"line":86,"column":17}},"52":{"start":{"line":91,"column":2},"end":{"line":103,"column":5}},"53":{"start":{"line":92,"column":4},"end":{"line":102,"column":7}},"54":{"start":{"line":93,"column":16},"end":{"line":93,"column":30}},"55":{"start":{"line":95,"column":6},"end":{"line":101,"column":9}},"56":{"start":{"line":96,"column":8},"end":{"line":96,"column":40}},"57":{"start":{"line":97,"column":8},"end":{"line":97,"column":38}},"58":{"start":{"line":98,"column":8},"end":{"line":98,"column":61}},"59":{"start":{"line":99,"column":8},"end":{"line":99,"column":49}},"60":{"start":{"line":100,"column":8},"end":{"line":100,"column":15}}},"fnMap":{"0":{"name":"_interopRequireDefault","decl":{"start":{"line":9,"column":9},"end":{"line":9,"column":31}},"loc":{"start":{"line":9,"column":37},"end":{"line":9,"column":97}},"line":9},"1":{"name":"(anonymous_1)","decl":{"start":{"line":18,"column":47},"end":{"line":18,"column":48}},"loc":{"start":{"line":18,"column":59},"end":{"line":104,"column":1}},"line":18},"2":{"name":"(anonymous_2)","decl":{"start":{"line":19,"column":47},"end":{"line":19,"column":48}},"loc":{"start":{"line":19,"column":59},"end":{"line":42,"column":3}},"line":19},"3":{"name":"(anonymous_3)","decl":{"start":{"line":20,"column":76},"end":{"line":20,"column":77}},"loc":{"start":{"line":20,"column":92},"end":{"line":41,"column":5}},"line":20},"4":{"name":"(anonymous_4)","decl":{"start":{"line":26,"column":94},"end":{"line":26,"column":95}},"loc":{"start":{"line":26,"column":114},"end":{"line":40,"column":7}},"line":26},"5":{"name":"(anonymous_5)","decl":{"start":{"line":33,"column":148},"end":{"line":33,"column":149}},"loc":{"start":{"line":33,"column":168},"end":{"line":39,"column":9}},"line":33},"6":{"name":"(anonymous_6)","decl":{"start":{"line":43,"column":47},"end":{"line":43,"column":48}},"loc":{"start":{"line":43,"column":59},"end":{"line":66,"column":3}},"line":43},"7":{"name":"(anonymous_7)","decl":{"start":{"line":44,"column":73},"end":{"line":44,"column":74}},"loc":{"start":{"line":44,"column":89},"end":{"line":65,"column":5}},"line":44},"8":{"name":"(anonymous_8)","decl":{"start":{"line":50,"column":94},"end":{"line":50,"column":95}},"loc":{"start":{"line":50,"column":114},"end":{"line":64,"column":7}},"line":50},"9":{"name":"(anonymous_9)","decl":{"start":{"line":57,"column":147},"end":{"line":57,"column":148}},"loc":{"start":{"line":57,"column":167},"end":{"line":63,"column":9}},"line":57},"10":{"name":"(anonymous_10)","decl":{"start":{"line":67,"column":47},"end":{"line":67,"column":48}},"loc":{"start":{"line":67,"column":59},"end":{"line":90,"column":3}},"line":67},"11":{"name":"(anonymous_11)","decl":{"start":{"line":68,"column":62},"end":{"line":68,"column":63}},"loc":{"start":{"line":68,"column":78},"end":{"line":89,"column":5}},"line":68},"12":{"name":"(anonymous_12)","decl":{"start":{"line":74,"column":94},"end":{"line":74,"column":95}},"loc":{"start":{"line":74,"column":114},"end":{"line":88,"column":7}},"line":74},"13":{"name":"(anonymous_13)","decl":{"start":{"line":81,"column":147},"end":{"line":81,"column":148}},"loc":{"start":{"line":81,"column":167},"end":{"line":87,"column":9}},"line":81},"14":{"name":"(anonymous_14)","decl":{"start":{"line":91,"column":47},"end":{"line":91,"column":48}},"loc":{"start":{"line":91,"column":59},"end":{"line":103,"column":3}},"line":91},"15":{"name":"(anonymous_15)","decl":{"start":{"line":92,"column":84},"end":{"line":92,"column":85}},"loc":{"start":{"line":92,"column":100},"end":{"line":102,"column":5}},"line":92},"16":{"name":"(anonymous_16)","decl":{"start":{"line":95,"column":373},"end":{"line":95,"column":374}},"loc":{"start":{"line":95,"column":393},"end":{"line":101,"column":7}},"line":95}},"branchMap":{"0":{"loc":{"start":{"line":9,"column":46},"end":{"line":9,"column":94}},"type":"cond-expr","locations":[{"start":{"line":9,"column":70},"end":{"line":9,"column":73}},{"start":{"line":9,"column":76},"end":{"line":9,"column":94}}],"line":9},"1":{"loc":{"start":{"line":9,"column":46},"end":{"line":9,"column":67}},"type":"binary-expr","locations":[{"start":{"line":9,"column":46},"end":{"line":9,"column":49}},{"start":{"line":9,"column":53},"end":{"line":9,"column":67}}],"line":9}},"s":{"0":1,"1":1,"2":1,"3":3,"4":1,"5":1,"6":1,"7":1,"8":1,"9":1,"10":1,"11":1,"12":1,"13":1,"14":1,"15":1,"16":1,"17":1,"18":1,"19":1,"20":1,"21":1,"22":1,"23":1,"24":1,"25":1,"26":1,"27":1,"28":1,"29":1,"30":1,"31":1,"32":1,"33":1,"34":1,"35":1,"36":1,"37":1,"38":1,"39":1,"40":1,"41":1,"42":1,"43":1,"44":1,"45":1,"46":1,"47":1,"48":1,"49":1,"50":1,"51":1,"52":1,"53":1,"54":1,"55":1,"56":1,"57":1,"58":1,"59":1,"60":1},"f":{"0":3,"1":1,"2":1,"3":1,"4":1,"5":1,"6":1,"7":1,"8":1,"9":1,"10":1,"11":1,"12":1,"13":1,"14":1,"15":1,"16":1},"b":{"0":[1,2],"1":[3,3]},"_coverageSchema":"43e27e138ebf9cfc5966b082cf9a028302ed4184","hash":"50c914dc0660c05569824a6306c1489bda61afed","contentHash":"7ac38645432645cbb23a080bd5d8e4c752950f3207c37e4ef7b00a724065d636"}}