TN:
SF:C:\Users\MONDAY\Documents\Projects\javascript_project\Banka/config.js
FNF:0
FNH:0
DA:1,1
DA:6,1
LF:2
LH:2
BRDA:3,0,0,1
BRDA:3,0,1,1
BRF:2
BRH:2
end_of_record
TN:
SF:C:\Users\MONDAY\Documents\Projects\javascript_project\Banka/server.js
FN:25,Init
FN:45,(anonymous_2)
FNF:2
FNH:2
FNDA:1,Init
FNDA:1,(anonymous_2)
DA:1,1
DA:2,1
DA:3,1
DA:4,1
DA:5,1
DA:6,1
DA:7,1
DA:8,1
DA:10,1
DA:11,1
DA:12,1
DA:13,1
DA:14,1
DA:15,1
DA:17,1
DA:18,1
DA:23,1
DA:26,1
DA:29,1
DA:30,1
DA:31,1
DA:33,1
DA:34,1
DA:35,1
DA:36,1
DA:37,1
DA:39,1
DA:40,1
DA:41,1
DA:42,1
DA:44,1
DA:45,1
DA:46,1
DA:47,1
DA:48,1
DA:51,1
LF:36
LH:36
BRDA:46,0,0,0
BRDA:46,0,1,1
BRF:2
BRH:1
end_of_record
TN:
SF:C:\Users\MONDAY\Documents\Projects\javascript_project\Banka\src\controllers/adminController.js
FN:11,StaffController
FNF:1
FNH:1
FNDA:1,StaffController
DA:11,1
DA:12,1
DA:16,1
LF:3
LH:3
BRF:0
BRH:0
end_of_record
TN:
SF:C:\Users\MONDAY\Documents\Projects\javascript_project\Banka\src\controllers/homeController.js
FN:20,HomeController
FN:56,(anonymous_7)
FN:75,(anonymous_8)
FN:107,(anonymous_10)
FNF:4
FNH:4
FNDA:1,HomeController
FNDA:3,(anonymous_7)
FNDA:2,(anonymous_8)
FNDA:15,(anonymous_10)
DA:1,1
DA:2,1
DA:3,1
DA:20,1
DA:21,1
DA:22,1
DA:23,1
DA:31,10
DA:32,10
DA:33,10
DA:34,2
DA:39,8
DA:40,8
DA:41,8
DA:42,4
DA:47,4
DA:48,4
DA:49,1
DA:55,3
DA:56,3
DA:57,3
DA:58,3
DA:59,1
DA:64,2
DA:65,2
DA:66,2
DA:75,2
DA:76,2
DA:77,2
DA:81,2
DA:85,2
DA:86,2
DA:87,2
DA:88,2
DA:92,2
DA:98,17
DA:99,17
DA:100,17
DA:101,2
DA:106,15
DA:107,15
DA:108,15
DA:109,15
DA:110,1
DA:115,14
DA:116,14
DA:117,1
DA:122,13
DA:126,13
DA:130,13
DA:131,13
DA:132,13
DA:133,13
DA:137,13
DA:142,1
LF:55
LH:55
BRDA:33,0,0,2
BRDA:33,0,1,8
BRDA:41,1,0,4
BRDA:41,1,1,4
BRDA:48,2,0,1
BRDA:48,2,1,3
BRDA:57,3,0,0
BRDA:57,3,1,3
BRDA:58,4,0,1
BRDA:58,4,1,2
BRDA:58,5,0,3
BRDA:58,5,1,3
BRDA:76,6,0,0
BRDA:76,6,1,2
BRDA:85,7,0,2
BRDA:85,7,1,0
BRDA:100,8,0,2
BRDA:100,8,1,15
BRDA:108,9,0,0
BRDA:108,9,1,15
BRDA:109,10,0,1
BRDA:109,10,1,14
BRDA:109,11,0,15
BRDA:109,11,1,15
BRDA:116,12,0,1
BRDA:116,12,1,13
BRDA:130,13,0,13
BRDA:130,13,1,0
BRF:28
BRH:23
end_of_record
TN:
SF:C:\Users\MONDAY\Documents\Projects\javascript_project\Banka\src\controllers/index.js
FNF:0
FNH:0
DA:1,1
DA:2,1
DA:3,1
DA:4,1
DA:6,1
LF:5
LH:5
BRF:0
BRH:0
end_of_record
TN:
SF:C:\Users\MONDAY\Documents\Projects\javascript_project\Banka\src\controllers/staffController.js
FN:11,StaffController
FN:18,(anonymous_6)
FN:32,(anonymous_7)
FNF:3
FNH:3
FNDA:2,StaffController
FNDA:10,(anonymous_6)
FNDA:4,(anonymous_7)
DA:11,2
DA:12,2
DA:13,2
DA:16,10
DA:17,10
DA:18,10
DA:19,10
DA:20,10
DA:21,2
DA:26,8
DA:27,4
DA:32,4
DA:33,4
DA:34,4
DA:35,4
DA:43,4
DA:49,1
LF:17
LH:17
BRDA:19,0,0,0
BRDA:19,0,1,10
BRDA:20,1,0,2
BRDA:20,1,1,8
BRDA:26,2,0,4
BRDA:26,2,1,4
BRDA:33,3,0,0
BRDA:33,3,1,4
BRDA:34,4,0,2
BRDA:34,4,1,2
BRF:10
BRH:8
end_of_record
TN:
SF:C:\Users\MONDAY\Documents\Projects\javascript_project\Banka\src\controllers/userController.js
FN:12,UserController
FN:26,(anonymous_6)
FNF:2
FNH:2
FNDA:1,UserController
FNDA:1,(anonymous_6)
DA:1,1
DA:12,1
DA:13,1
DA:14,1
DA:18,1
DA:19,1
DA:26,1
DA:27,1
DA:28,1
DA:40,1
DA:45,1
LF:11
LH:11
BRDA:27,0,0,0
BRDA:27,0,1,1
BRF:2
BRH:1
end_of_record
TN:
SF:C:\Users\MONDAY\Documents\Projects\javascript_project\Banka\src\models/bankAcctStore.js
FN:15,BankAcctStore
FNF:1
FNH:1
FNDA:1,BankAcctStore
DA:1,1
DA:2,1
DA:15,2
DA:16,1
DA:17,1
DA:22,1
LF:6
LH:6
BRF:0
BRH:0
end_of_record
TN:
SF:C:\Users\MONDAY\Documents\Projects\javascript_project\Banka\src\models/defaultDatas.js
FNF:0
FNH:0
DA:1,1
DA:67,1
DA:69,1
LF:3
LH:3
BRF:0
BRH:0
end_of_record
TN:
SF:C:\Users\MONDAY\Documents\Projects\javascript_project\Banka\src\models/index.js
FNF:0
FNH:0
DA:1,1
DA:2,1
DA:3,1
DA:5,1
LF:4
LH:4
BRF:0
BRH:0
end_of_record
TN:
SF:C:\Users\MONDAY\Documents\Projects\javascript_project\Banka\src\models/storageInfrastructure.js
FN:9,StorageInfrastructure
FN:32,(anonymous_7)
FN:36,(anonymous_8)
FN:42,(anonymous_10)
FNF:4
FNH:4
FNDA:1,StorageInfrastructure
FNDA:7,(anonymous_7)
FNDA:1,(anonymous_8)
FNDA:1,(anonymous_10)
DA:1,1
DA:2,1
DA:9,1
DA:10,1
DA:11,1
DA:12,1
DA:13,1
DA:14,1
DA:15,1
DA:16,1
DA:23,1
DA:24,1
DA:32,1
DA:33,7
DA:34,7
DA:36,1
DA:37,1
DA:42,1
DA:43,1
DA:48,1
LF:20
LH:20
BRDA:10,0,0,0
BRDA:10,0,1,1
BRDA:11,1,0,0
BRDA:11,1,1,1
BRDA:37,2,0,0
BRDA:37,2,1,1
BRDA:43,3,0,0
BRDA:43,3,1,1
BRF:8
BRH:4
end_of_record
TN:
SF:C:\Users\MONDAY\Documents\Projects\javascript_project\Banka\src\models/store.js
FN:11,Store
FN:24,(anonymous_9)
FN:29,(anonymous_10)
FN:45,(anonymous_12)
FN:52,(anonymous_14)
FNF:5
FNH:5
FNDA:2,Store
FNDA:2,(anonymous_9)
FNDA:3,(anonymous_10)
FNDA:40,(anonymous_12)
FNDA:4,(anonymous_14)
DA:11,2
DA:12,2
DA:13,2
DA:23,5
DA:24,2
DA:25,2
DA:26,2
DA:28,3
DA:29,3
DA:30,3
DA:31,3
DA:34,0
DA:45,40
DA:46,40
DA:47,40
DA:52,4
DA:53,4
DA:54,4
DA:59,1
LF:19
LH:18
BRDA:23,0,0,2
BRDA:23,0,1,3
BRDA:25,1,0,0
BRDA:25,1,1,2
BRDA:28,2,0,3
BRDA:28,2,1,0
BRDA:30,3,0,0
BRDA:30,3,1,3
BRDA:46,4,0,0
BRDA:46,4,1,40
BRDA:53,5,0,0
BRDA:53,5,1,4
BRF:12
BRH:7
end_of_record
TN:
SF:C:\Users\MONDAY\Documents\Projects\javascript_project\Banka\src\models/userStore.js
FN:15,UserStore
FNF:1
FNH:1
FNDA:1,UserStore
DA:1,1
DA:2,1
DA:15,2
DA:16,1
DA:17,1
DA:22,1
LF:6
LH:6
BRF:0
BRH:0
end_of_record
TN:
SF:C:\Users\MONDAY\Documents\Projects\javascript_project\Banka\src\routes/adminRoute.js
FN:17,StaffRouter
FN:38,(anonymous_8)
FN:51,(anonymous_10)
FNF:3
FNH:2
FNDA:1,StaffRouter
FNDA:6,(anonymous_8)
FNDA:0,(anonymous_10)
DA:3,1
DA:4,1
DA:17,1
DA:18,1
DA:19,1
DA:20,1
DA:21,1
DA:22,1
DA:23,1
DA:30,1
DA:33,1
DA:37,6
DA:38,6
DA:39,6
DA:40,1
DA:45,5
DA:50,0
DA:51,0
DA:52,0
DA:53,0
DA:58,0
LF:21
LH:16
BRDA:39,0,0,1
BRDA:39,0,1,5
BRDA:39,1,0,6
BRDA:39,1,1,6
BRDA:52,2,0,0
BRDA:52,2,1,0
BRDA:52,3,0,0
BRDA:52,3,1,0
BRF:8
BRH:4
end_of_record
TN:
SF:C:\Users\MONDAY\Documents\Projects\javascript_project\Banka\src\routes/homeRoute.js
FN:17,HomeRouter
FN:28,(anonymous_7)
FNF:2
FNH:1
FNDA:1,HomeRouter
FNDA:0,(anonymous_7)
DA:2,1
DA:3,1
DA:4,1
DA:17,1
DA:18,1
DA:19,1
DA:20,1
DA:27,1
DA:29,0
DA:32,1
DA:35,1
DA:38,1
LF:12
LH:11
BRF:0
BRH:0
end_of_record
TN:
SF:C:\Users\MONDAY\Documents\Projects\javascript_project\Banka\src\routes/index.js
FNF:0
FNH:0
DA:1,1
DA:2,1
DA:3,1
DA:4,1
DA:6,1
LF:5
LH:5
BRF:0
BRH:0
end_of_record
TN:
SF:C:\Users\MONDAY\Documents\Projects\javascript_project\Banka\src\routes/staffRoute.js
FN:17,StaffRouter
FN:36,(anonymous_8)
FNF:2
FNH:2
FNDA:1,StaffRouter
FNDA:6,(anonymous_8)
DA:3,1
DA:4,1
DA:17,1
DA:18,1
DA:19,1
DA:20,1
DA:21,1
DA:28,1
DA:31,1
DA:35,6
DA:36,6
DA:37,6
DA:38,1
DA:43,5
LF:14
LH:14
BRDA:37,0,0,1
BRDA:37,0,1,5
BRDA:37,1,0,6
BRDA:37,1,1,6
BRF:4
BRH:4
end_of_record
TN:
SF:C:\Users\MONDAY\Documents\Projects\javascript_project\Banka\src\routes/userRoute.js
FN:16,UserRouter
FNF:1
FNH:1
FNDA:1,UserRouter
DA:2,1
DA:3,1
DA:16,1
DA:17,1
DA:18,1
DA:25,1
DA:28,1
LF:7
LH:7
BRF:0
BRH:0
end_of_record
TN:
SF:C:\Users\MONDAY\Documents\Projects\javascript_project\Banka\src\util/index.js
FN:4,checkReqFields
FN:11,passwordMatch
FN:18,hashPassword
FN:27,comparePassword
FN:33,generateAccountNumber
FN:37,validateToken
FN:46,(anonymous_7)
FNF:7
FNH:7
FNDA:25,checkReqFields
FNDA:4,passwordMatch
FNDA:9,hashPassword
FNDA:14,comparePassword
FNDA:1,generateAccountNumber
FNDA:16,validateToken
FNDA:16,(anonymous_7)
DA:1,1
DA:2,1
DA:5,25
DA:6,65
DA:8,19
DA:12,4
DA:13,3
DA:15,1
DA:19,9
DA:20,0
DA:22,9
DA:23,9
DA:24,9
DA:28,14
DA:34,1
DA:38,16
DA:39,16
DA:40,16
DA:41,16
DA:45,16
DA:46,16
DA:47,16
DA:48,3
DA:53,13
DA:54,13
DA:55,13
DA:59,0
LF:27
LH:25
BRDA:6,0,0,6
BRDA:6,0,1,59
BRDA:12,1,0,3
BRDA:12,1,1,1
BRDA:19,2,0,0
BRDA:19,2,1,9
BRDA:39,3,0,16
BRDA:39,3,1,0
BRDA:40,4,0,16
BRDA:40,4,1,16
BRDA:45,5,0,16
BRDA:45,5,1,0
BRDA:47,6,0,3
BRDA:47,6,1,13
BRDA:53,7,0,13
BRDA:53,7,1,0
BRF:16
BRH:12
end_of_record
TN:
SF:C:\Users\MONDAY\Documents\Projects\javascript_project\Banka\test\homeAPI_test/Admin-act-deactAcct_test.js
FN:11,(anonymous_1)
FN:12,(anonymous_2)
FN:13,(anonymous_3)
FN:21,(anonymous_4)
FN:32,(anonymous_5)
FN:45,(anonymous_6)
FN:46,(anonymous_7)
FN:54,(anonymous_8)
FN:65,(anonymous_9)
FN:75,(anonymous_10)
FN:76,(anonymous_11)
FN:84,(anonymous_12)
FN:95,(anonymous_13)
FN:108,(anonymous_14)
FN:109,(anonymous_15)
FN:117,(anonymous_16)
FN:128,(anonymous_17)
FN:138,(anonymous_18)
FN:139,(anonymous_19)
FN:147,(anonymous_20)
FN:158,(anonymous_21)
FN:168,(anonymous_22)
FN:169,(anonymous_23)
FN:177,(anonymous_24)
FN:188,(anonymous_25)
FN:198,(anonymous_26)
FN:199,(anonymous_27)
FN:208,(anonymous_28)
FNF:28
FNH:28
FNDA:1,(anonymous_1)
FNDA:1,(anonymous_2)
FNDA:1,(anonymous_3)
FNDA:1,(anonymous_4)
FNDA:1,(anonymous_5)
FNDA:1,(anonymous_6)
FNDA:1,(anonymous_7)
FNDA:1,(anonymous_8)
FNDA:1,(anonymous_9)
FNDA:1,(anonymous_10)
FNDA:1,(anonymous_11)
FNDA:1,(anonymous_12)
FNDA:1,(anonymous_13)
FNDA:1,(anonymous_14)
FNDA:1,(anonymous_15)
FNDA:1,(anonymous_16)
FNDA:1,(anonymous_17)
FNDA:1,(anonymous_18)
FNDA:1,(anonymous_19)
FNDA:1,(anonymous_20)
FNDA:1,(anonymous_21)
FNDA:1,(anonymous_22)
FNDA:1,(anonymous_23)
FNDA:1,(anonymous_24)
FNDA:1,(anonymous_25)
FNDA:1,(anonymous_26)
FNDA:1,(anonymous_27)
FNDA:1,(anonymous_28)
DA:3,1
DA:4,1
DA:5,1
DA:7,1
DA:9,1
DA:11,1
DA:12,1
DA:13,1
DA:14,1
DA:18,1
DA:21,1
DA:22,1
DA:23,1
DA:24,1
DA:25,1
DA:28,1
DA:33,1
DA:34,1
DA:35,1
DA:36,1
DA:37,1
DA:38,1
DA:39,1
DA:40,1
DA:45,1
DA:46,1
DA:47,1
DA:51,1
DA:54,1
DA:55,1
DA:56,1
DA:57,1
DA:58,1
DA:61,1
DA:66,1
DA:67,1
DA:68,1
DA:69,1
DA:70,1
DA:75,1
DA:76,1
DA:77,1
DA:81,1
DA:84,1
DA:85,1
DA:86,1
DA:87,1
DA:88,1
DA:91,1
DA:96,1
DA:97,1
DA:98,1
DA:99,1
DA:100,1
DA:101,1
DA:102,1
DA:103,1
DA:108,1
DA:109,1
DA:110,1
DA:114,1
DA:117,1
DA:118,1
DA:119,1
DA:120,1
DA:121,1
DA:124,1
DA:129,1
DA:130,1
DA:131,1
DA:132,1
DA:133,1
DA:138,1
DA:139,1
DA:140,1
DA:144,1
DA:147,1
DA:148,1
DA:149,1
DA:150,1
DA:151,1
DA:154,1
DA:159,1
DA:160,1
DA:161,1
DA:162,1
DA:163,1
DA:168,1
DA:169,1
DA:170,1
DA:174,1
DA:177,1
DA:178,1
DA:179,1
DA:180,1
DA:181,1
DA:184,1
DA:189,1
DA:190,1
DA:191,1
DA:192,1
DA:193,1
DA:198,1
DA:199,1
DA:200,1
DA:203,1
DA:204,1
DA:209,1
DA:210,1
DA:211,1
DA:212,1
DA:213,1
LF:112
LH:112
BRF:0
BRH:0
end_of_record
TN:
SF:C:\Users\MONDAY\Documents\Projects\javascript_project\Banka\test\homeAPI_test/Staff-act-deactAcct_test.js
FN:11,(anonymous_1)
FN:12,(anonymous_2)
FN:13,(anonymous_3)
FN:21,(anonymous_4)
FN:32,(anonymous_5)
FN:45,(anonymous_6)
FN:46,(anonymous_7)
FN:54,(anonymous_8)
FN:65,(anonymous_9)
FN:75,(anonymous_10)
FN:76,(anonymous_11)
FN:84,(anonymous_12)
FN:95,(anonymous_13)
FN:108,(anonymous_14)
FN:109,(anonymous_15)
FN:117,(anonymous_16)
FN:128,(anonymous_17)
FN:138,(anonymous_18)
FN:139,(anonymous_19)
FN:147,(anonymous_20)
FN:158,(anonymous_21)
FN:168,(anonymous_22)
FN:169,(anonymous_23)
FN:177,(anonymous_24)
FN:188,(anonymous_25)
FN:198,(anonymous_26)
FN:199,(anonymous_27)
FN:208,(anonymous_28)
FNF:28
FNH:28
FNDA:1,(anonymous_1)
FNDA:1,(anonymous_2)
FNDA:1,(anonymous_3)
FNDA:1,(anonymous_4)
FNDA:1,(anonymous_5)
FNDA:1,(anonymous_6)
FNDA:1,(anonymous_7)
FNDA:1,(anonymous_8)
FNDA:1,(anonymous_9)
FNDA:1,(anonymous_10)
FNDA:1,(anonymous_11)
FNDA:1,(anonymous_12)
FNDA:1,(anonymous_13)
FNDA:1,(anonymous_14)
FNDA:1,(anonymous_15)
FNDA:1,(anonymous_16)
FNDA:1,(anonymous_17)
FNDA:1,(anonymous_18)
FNDA:1,(anonymous_19)
FNDA:1,(anonymous_20)
FNDA:1,(anonymous_21)
FNDA:1,(anonymous_22)
FNDA:1,(anonymous_23)
FNDA:1,(anonymous_24)
FNDA:1,(anonymous_25)
FNDA:1,(anonymous_26)
FNDA:1,(anonymous_27)
FNDA:1,(anonymous_28)
DA:3,1
DA:4,1
DA:5,1
DA:7,1
DA:9,1
DA:11,1
DA:12,1
DA:13,1
DA:14,1
DA:18,1
DA:21,1
DA:22,1
DA:23,1
DA:24,1
DA:25,1
DA:28,1
DA:33,1
DA:34,1
DA:35,1
DA:36,1
DA:37,1
DA:38,1
DA:39,1
DA:40,1
DA:45,1
DA:46,1
DA:47,1
DA:51,1
DA:54,1
DA:55,1
DA:56,1
DA:57,1
DA:58,1
DA:61,1
DA:66,1
DA:67,1
DA:68,1
DA:69,1
DA:70,1
DA:75,1
DA:76,1
DA:77,1
DA:81,1
DA:84,1
DA:85,1
DA:86,1
DA:87,1
DA:88,1
DA:91,1
DA:96,1
DA:97,1
DA:98,1
DA:99,1
DA:100,1
DA:101,1
DA:102,1
DA:103,1
DA:108,1
DA:109,1
DA:110,1
DA:114,1
DA:117,1
DA:118,1
DA:119,1
DA:120,1
DA:121,1
DA:124,1
DA:129,1
DA:130,1
DA:131,1
DA:132,1
DA:133,1
DA:138,1
DA:139,1
DA:140,1
DA:144,1
DA:147,1
DA:148,1
DA:149,1
DA:150,1
DA:151,1
DA:154,1
DA:159,1
DA:160,1
DA:161,1
DA:162,1
DA:163,1
DA:168,1
DA:169,1
DA:170,1
DA:174,1
DA:177,1
DA:178,1
DA:179,1
DA:180,1
DA:181,1
DA:184,1
DA:189,1
DA:190,1
DA:191,1
DA:192,1
DA:193,1
DA:198,1
DA:199,1
DA:200,1
DA:203,1
DA:204,1
DA:209,1
DA:210,1
DA:211,1
DA:212,1
DA:213,1
LF:112
LH:112
BRF:0
BRH:0
end_of_record
TN:
SF:C:\Users\MONDAY\Documents\Projects\javascript_project\Banka\test\homeAPI_test/createAccount_test.js
FN:11,(anonymous_1)
FN:12,(anonymous_2)
FN:13,(anonymous_3)
FN:24,(anonymous_4)
FN:38,(anonymous_5)
FN:54,(anonymous_6)
FN:55,(anonymous_7)
FN:66,(anonymous_8)
FNF:8
FNH:8
FNDA:1,(anonymous_1)
FNDA:1,(anonymous_2)
FNDA:1,(anonymous_3)
FNDA:1,(anonymous_4)
FNDA:1,(anonymous_5)
FNDA:1,(anonymous_6)
FNDA:1,(anonymous_7)
FNDA:1,(anonymous_8)
DA:3,1
DA:4,1
DA:5,1
DA:7,1
DA:9,1
DA:11,1
DA:12,1
DA:13,1
DA:14,1
DA:21,1
DA:25,1
DA:26,1
DA:27,1
DA:28,1
DA:34,1
DA:39,1
DA:40,1
DA:41,1
DA:42,1
DA:43,1
DA:44,1
DA:45,1
DA:46,1
DA:47,1
DA:48,1
DA:49,1
DA:54,1
DA:55,1
DA:56,1
DA:62,1
DA:67,1
DA:68,1
DA:69,1
DA:70,1
DA:71,1
LF:35
LH:35
BRF:0
BRH:0
end_of_record
TN:
SF:C:\Users\MONDAY\Documents\Projects\javascript_project\Banka\test\homeAPI_test/signin_test.js
FN:11,(anonymous_1)
FN:12,(anonymous_2)
FN:13,(anonymous_3)
FN:21,(anonymous_4)
FN:35,(anonymous_5)
FN:36,(anonymous_6)
FN:43,(anonymous_7)
FN:52,(anonymous_8)
FN:53,(anonymous_9)
FN:60,(anonymous_10)
FN:69,(anonymous_11)
FN:70,(anonymous_12)
FN:78,(anonymous_13)
FN:87,(anonymous_14)
FN:88,(anonymous_15)
FN:96,(anonymous_16)
FNF:16
FNH:16
FNDA:1,(anonymous_1)
FNDA:1,(anonymous_2)
FNDA:1,(anonymous_3)
FNDA:1,(anonymous_4)
FNDA:1,(anonymous_5)
FNDA:1,(anonymous_6)
FNDA:1,(anonymous_7)
FNDA:1,(anonymous_8)
FNDA:1,(anonymous_9)
FNDA:1,(anonymous_10)
FNDA:1,(anonymous_11)
FNDA:1,(anonymous_12)
FNDA:1,(anonymous_13)
FNDA:1,(anonymous_14)
FNDA:1,(anonymous_15)
FNDA:1,(anonymous_16)
DA:3,1
DA:4,1
DA:5,1
DA:7,1
DA:9,1
DA:11,1
DA:12,1
DA:13,1
DA:14,1
DA:18,1
DA:22,1
DA:23,1
DA:24,1
DA:25,1
DA:26,1
DA:27,1
DA:28,1
DA:29,1
DA:30,1
DA:31,1
DA:35,1
DA:36,1
DA:37,1
DA:40,1
DA:44,1
DA:45,1
DA:46,1
DA:47,1
DA:48,1
DA:52,1
DA:53,1
DA:54,1
DA:57,1
DA:61,1
DA:62,1
DA:63,1
DA:64,1
DA:65,1
DA:69,1
DA:70,1
DA:71,1
DA:75,1
DA:79,1
DA:80,1
DA:81,1
DA:82,1
DA:83,1
DA:87,1
DA:88,1
DA:89,1
DA:93,1
DA:97,1
DA:98,1
DA:99,1
DA:100,1
DA:101,1
LF:56
LH:56
BRF:0
BRH:0
end_of_record
TN:
SF:C:\Users\MONDAY\Documents\Projects\javascript_project\Banka\test\homeAPI_test/signup_test.js
FN:11,(anonymous_1)
FN:12,(anonymous_2)
FN:13,(anonymous_3)
FN:24,(anonymous_4)
FN:38,(anonymous_5)
FN:39,(anonymous_6)
FN:49,(anonymous_7)
FN:58,(anonymous_8)
FN:59,(anonymous_9)
FN:69,(anonymous_10)
FN:78,(anonymous_11)
FN:79,(anonymous_12)
FN:89,(anonymous_13)
FN:98,(anonymous_14)
FN:99,(anonymous_15)
FN:109,(anonymous_16)
FN:118,(anonymous_17)
FN:119,(anonymous_18)
FN:129,(anonymous_19)
FN:138,(anonymous_20)
FN:139,(anonymous_21)
FN:150,(anonymous_22)
FN:159,(anonymous_23)
FN:160,(anonymous_24)
FN:171,(anonymous_25)
FN:180,(anonymous_26)
FN:181,(anonymous_27)
FN:192,(anonymous_28)
FNF:28
FNH:28
FNDA:1,(anonymous_1)
FNDA:1,(anonymous_2)
FNDA:1,(anonymous_3)
FNDA:1,(anonymous_4)
FNDA:1,(anonymous_5)
FNDA:1,(anonymous_6)
FNDA:1,(anonymous_7)
FNDA:1,(anonymous_8)
FNDA:1,(anonymous_9)
FNDA:1,(anonymous_10)
FNDA:1,(anonymous_11)
FNDA:1,(anonymous_12)
FNDA:1,(anonymous_13)
FNDA:1,(anonymous_14)
FNDA:1,(anonymous_15)
FNDA:1,(anonymous_16)
FNDA:1,(anonymous_17)
FNDA:1,(anonymous_18)
FNDA:1,(anonymous_19)
FNDA:1,(anonymous_20)
FNDA:1,(anonymous_21)
FNDA:1,(anonymous_22)
FNDA:1,(anonymous_23)
FNDA:1,(anonymous_24)
FNDA:1,(anonymous_25)
FNDA:1,(anonymous_26)
FNDA:1,(anonymous_27)
FNDA:1,(anonymous_28)
DA:3,1
DA:4,1
DA:5,1
DA:7,1
DA:9,1
DA:11,1
DA:12,1
DA:13,1
DA:14,1
DA:21,1
DA:25,1
DA:26,1
DA:27,1
DA:28,1
DA:29,1
DA:30,1
DA:31,1
DA:32,1
DA:33,1
DA:34,1
DA:38,1
DA:39,1
DA:40,1
DA:46,1
DA:50,1
DA:51,1
DA:52,1
DA:53,1
DA:54,1
DA:58,1
DA:59,1
DA:60,1
DA:66,1
DA:70,1
DA:71,1
DA:72,1
DA:73,1
DA:74,1
DA:78,1
DA:79,1
DA:80,1
DA:86,1
DA:90,1
DA:91,1
DA:92,1
DA:93,1
DA:94,1
DA:98,1
DA:99,1
DA:100,1
DA:106,1
DA:110,1
DA:111,1
DA:112,1
DA:113,1
DA:114,1
DA:118,1
DA:119,1
DA:120,1
DA:126,1
DA:130,1
DA:131,1
DA:132,1
DA:133,1
DA:134,1
DA:138,1
DA:139,1
DA:140,1
DA:147,1
DA:151,1
DA:152,1
DA:153,1
DA:154,1
DA:155,1
DA:159,1
DA:160,1
DA:161,1
DA:168,1
DA:172,1
DA:173,1
DA:174,1
DA:175,1
DA:176,1
DA:180,1
DA:181,1
DA:182,1
DA:189,1
DA:193,1
DA:194,1
DA:195,1
DA:196,1
DA:197,1
LF:92
LH:92
BRF:0
BRH:0
end_of_record
