TN:
SF:C:\Users\MONDAY\Documents\Projects\javascript_project\Banka/config.js
FNF:0
FNH:0
DA:1,1
DA:6,1
LF:2
LH:2
BRDA:3,0,0,1
BRDA:3,0,1,1
BRF:2
BRH:2
end_of_record
TN:
SF:C:\Users\MONDAY\Documents\Projects\javascript_project\Banka/server.js
FN:21,(anonymous_1)
FNF:1
FNH:1
FNDA:1,(anonymous_1)
DA:1,1
DA:2,1
DA:3,1
DA:4,1
DA:5,1
DA:7,1
DA:8,1
DA:11,1
DA:12,1
DA:13,1
DA:15,1
DA:16,1
DA:18,1
DA:20,1
DA:21,1
DA:22,1
DA:23,1
DA:26,1
LF:18
LH:18
BRDA:22,0,0,0
BRDA:22,0,1,1
BRF:2
BRH:1
end_of_record
TN:
SF:C:\Users\MONDAY\Documents\Projects\javascript_project\Banka\src\routes/homeRoute.js
FN:4,HomeRouter
FN:9,(anonymous_7)
FN:13,(anonymous_8)
FNF:3
FNH:2
FNDA:1,HomeRouter
FNDA:0,(anonymous_7)
FNDA:1,(anonymous_8)
DA:1,1
DA:4,1
DA:5,1
DA:9,1
DA:10,0
DA:13,1
DA:14,1
DA:21,1
DA:23,1
LF:9
LH:8
BRF:0
BRH:0
end_of_record
TN:
SF:C:\Users\MONDAY\Documents\Projects\javascript_project\Banka\src\routes/index.js
FNF:0
FNH:0
DA:1,1
DA:3,1
LF:2
LH:2
BRF:0
BRH:0
end_of_record
